{"/workspace/CyberSpace/src/App.tsx": {"path":"/workspace/CyberSpace/src/App.tsx","statementMap":{"0":{"start":{"line":2,"column":0},"end":{"line":2,"column":47}},"1":{"start":{"line":3,"column":0},"end":{"line":3,"column":39}},"2":{"start":{"line":4,"column":0},"end":{"line":4,"column":35}},"3":{"start":{"line":6,"column":23},"end":{"line":12,"column":1}},"4":{"start":{"line":7,"column":2},"end":{"line":11,"column":4}},"5":{"start":{"line":14,"column":0},"end":{"line":14,"column":20}}},"fnMap":{"0":{"name":"(anonymous_1)","decl":{"start":{"line":6,"column":23},"end":{"line":6,"column":26}},"loc":{"start":{"line":6,"column":28},"end":{"line":12,"column":1}}}},"branchMap":{},"s":{"0":0,"1":0,"2":0,"3":0,"4":0,"5":0},"f":{"0":0},"b":{}}
,"/workspace/CyberSpace/src/components/ErrorBoundary.tsx": {"path":"/workspace/CyberSpace/src/components/ErrorBoundary.tsx","statementMap":{"0":{"start":{"line":1,"column":0},"end":{"line":1,"column":52}},"1":{"start":{"line":2,"column":0},"end":{"line":2,"column":37}},"2":{"start":{"line":4,"column":23},"end":{"line":10,"column":2}},"3":{"start":{"line":8,"column":31},"end":{"line":8,"column":60}},"4":{"start":{"line":9,"column":25},"end":{"line":9,"column":55}},"5":{"start":{"line":12,"column":19},"end":{"line":15,"column":2}},"6":{"start":{"line":14,"column":20},"end":{"line":14,"column":49}},"7":{"start":{"line":17,"column":21},"end":{"line":24,"column":2}},"8":{"start":{"line":20,"column":25},"end":{"line":20,"column":60}},"9":{"start":{"line":38,"column":9},"end":{"line":40,"column":null}},"10":{"start":{"line":43,"column":4},"end":{"line":43,"column":37}},"11":{"start":{"line":47,"column":4},"end":{"line":47,"column":55}},"12":{"start":{"line":48,"column":4},"end":{"line":51,"column":7}},"13":{"start":{"line":55,"column":4},"end":{"line":69,"column":5}},"14":{"start":{"line":56,"column":6},"end":{"line":58,"column":7}},"15":{"start":{"line":57,"column":8},"end":{"line":57,"column":35}},"16":{"start":{"line":60,"column":6},"end":{"line":68,"column":8}},"17":{"start":{"line":71,"column":4},"end":{"line":71,"column":31}},"18":{"start":{"line":37,"column":0},"end":{"line":37,"column":13}}},"fnMap":{"0":{"name":"(anonymous_1)","decl":{"start":{"line":8,"column":22},"end":{"line":8,"column":27}},"loc":{"start":{"line":8,"column":31},"end":{"line":8,"column":60}}},"1":{"name":"(anonymous_2)","decl":{"start":{"line":9,"column":16},"end":{"line":9,"column":21}},"loc":{"start":{"line":9,"column":25},"end":{"line":9,"column":55}}},"2":{"name":"(anonymous_3)","decl":{"start":{"line":14,"column":11},"end":{"line":14,"column":16}},"loc":{"start":{"line":14,"column":20},"end":{"line":14,"column":49}}},"3":{"name":"(anonymous_4)","decl":{"start":{"line":20,"column":16},"end":{"line":20,"column":21}},"loc":{"start":{"line":20,"column":25},"end":{"line":20,"column":60}}},"4":{"name":"(anonymous_5)","decl":{"start":{"line":37,"column":0},"end":{"line":37,"column":13}},"loc":{"start":{"line":37,"column":0},"end":{"line":73,"column":1}}},"5":{"name":"(anonymous_6)","decl":{"start":{"line":42,"column":9},"end":{"line":42,"column":15}},"loc":{"start":{"line":42,"column":53},"end":{"line":44,"column":3}}},"6":{"name":"(anonymous_7)","decl":{"start":{"line":46,"column":9},"end":{"line":46,"column":26}},"loc":{"start":{"line":46,"column":61},"end":{"line":52,"column":3}}},"7":{"name":"(anonymous_8)","decl":{"start":{"line":54,"column":9},"end":{"line":54,"column":15}},"loc":{"start":{"line":54,"column":15},"end":{"line":72,"column":3}}}},"branchMap":{"0":{"loc":{"start":{"line":55,"column":4},"end":{"line":69,"column":5}},"type":"if","locations":[{"start":{"line":55,"column":4},"end":{"line":69,"column":5}}]},"1":{"loc":{"start":{"line":56,"column":6},"end":{"line":58,"column":7}},"type":"if","locations":[{"start":{"line":56,"column":6},"end":{"line":58,"column":7}}]}},"s":{"0":0,"1":0,"2":0,"3":0,"4":0,"5":0,"6":0,"7":0,"8":0,"9":0,"10":0,"11":0,"12":0,"13":0,"14":0,"15":0,"16":0,"17":0,"18":0},"f":{"0":0,"1":0,"2":0,"3":0,"4":0,"5":0,"6":0,"7":0},"b":{"0":[0],"1":[0]}}
,"/workspace/CyberSpace/src/components/Model.tsx": {"path":"/workspace/CyberSpace/src/components/Model.tsx","statementMap":{"0":{"start":{"line":1,"column":0},"end":{"line":1,"column":41}},"1":{"start":{"line":2,"column":0},"end":{"line":2,"column":44}},"2":{"start":{"line":3,"column":0},"end":{"line":3,"column":59}},"3":{"start":{"line":13,"column":43},"end":{"line":50,"column":1}},"4":{"start":{"line":20,"column":20},"end":{"line":20,"column":32}},"5":{"start":{"line":22,"column":2},"end":{"line":26,"column":22}},"6":{"start":{"line":23,"column":4},"end":{"line":25,"column":5}},"7":{"start":{"line":24,"column":6},"end":{"line":24,"column":17}},"8":{"start":{"line":28,"column":2},"end":{"line":40,"column":14}},"9":{"start":{"line":29,"column":4},"end":{"line":39,"column":6}},"10":{"start":{"line":31,"column":6},"end":{"line":38,"column":9}},"11":{"start":{"line":32,"column":8},"end":{"line":34,"column":9}},"12":{"start":{"line":33,"column":11},"end":{"line":33,"column":45}},"13":{"start":{"line":35,"column":8},"end":{"line":37,"column":9}},"14":{"start":{"line":36,"column":11},"end":{"line":36,"column":45}},"15":{"start":{"line":42,"column":2},"end":{"line":49,"column":4}},"16":{"start":{"line":13,"column":13},"end":{"line":13,"column":43}}},"fnMap":{"0":{"name":"(anonymous_0)","decl":{"start":{"line":13,"column":43},"end":{"line":13,"column":44}},"loc":{"start":{"line":19,"column":5},"end":{"line":50,"column":1}}},"1":{"name":"(anonymous_1)","decl":{"start":{"line":22,"column":12},"end":{"line":22,"column":15}},"loc":{"start":{"line":22,"column":17},"end":{"line":26,"column":3}}},"2":{"name":"(anonymous_2)","decl":{"start":{"line":28,"column":12},"end":{"line":28,"column":15}},"loc":{"start":{"line":28,"column":17},"end":{"line":40,"column":3}}},"3":{"name":"(anonymous_3)","decl":{"start":{"line":29,"column":11},"end":{"line":29,"column":14}},"loc":{"start":{"line":29,"column":16},"end":{"line":39,"column":5}}},"4":{"name":"(anonymous_4)","decl":{"start":{"line":31,"column":21},"end":{"line":31,"column":22}},"loc":{"start":{"line":31,"column":42},"end":{"line":38,"column":7}}}},"branchMap":{"0":{"loc":{"start":{"line":15,"column":2},"end":{"line":15,"column":22}},"type":"default-arg","locations":[{"start":{"line":15,"column":13},"end":{"line":15,"column":22}}]},"1":{"loc":{"start":{"line":16,"column":2},"end":{"line":16,"column":22}},"type":"default-arg","locations":[{"start":{"line":16,"column":13},"end":{"line":16,"column":22}}]},"2":{"loc":{"start":{"line":17,"column":2},"end":{"line":17,"column":19}},"type":"default-arg","locations":[{"start":{"line":17,"column":10},"end":{"line":17,"column":19}}]},"3":{"loc":{"start":{"line":23,"column":4},"end":{"line":25,"column":5}},"type":"if","locations":[{"start":{"line":23,"column":4},"end":{"line":25,"column":5}}]},"4":{"loc":{"start":{"line":32,"column":8},"end":{"line":34,"column":9}},"type":"if","locations":[{"start":{"line":32,"column":8},"end":{"line":34,"column":9}}]},"5":{"loc":{"start":{"line":35,"column":8},"end":{"line":37,"column":9}},"type":"if","locations":[{"start":{"line":35,"column":8},"end":{"line":37,"column":9}}]}},"s":{"0":0,"1":0,"2":0,"3":0,"4":0,"5":0,"6":0,"7":0,"8":0,"9":0,"10":0,"11":0,"12":0,"13":0,"14":0,"15":0,"16":0},"f":{"0":0,"1":0,"2":0,"3":0,"4":0},"b":{"0":[0],"1":[0],"2":[0],"3":[0],"4":[0],"5":[0]}}
,"/workspace/CyberSpace/src/components/chat/ChatHeader.tsx": {"path":"/workspace/CyberSpace/src/components/chat/ChatHeader.tsx","statementMap":{"0":{"start":{"line":2,"column":0},"end":{"line":2,"column":37}},"1":{"start":{"line":3,"column":0},"end":{"line":3,"column":44}},"2":{"start":{"line":4,"column":0},"end":{"line":4,"column":56}},"3":{"start":{"line":5,"column":0},"end":{"line":5,"column":50}},"4":{"start":{"line":7,"column":24},"end":{"line":14,"column":2}},"5":{"start":{"line":12,"column":25},"end":{"line":12,"column":60}},"6":{"start":{"line":13,"column":38},"end":{"line":13,"column":64}},"7":{"start":{"line":16,"column":20},"end":{"line":20,"column":2}},"8":{"start":{"line":22,"column":20},"end":{"line":27,"column":2}},"9":{"start":{"line":26,"column":20},"end":{"line":26,"column":51}},"10":{"start":{"line":29,"column":18},"end":{"line":32,"column":2}},"11":{"start":{"line":31,"column":20},"end":{"line":31,"column":53}},"12":{"start":{"line":34,"column":22},"end":{"line":38,"column":2}},"13":{"start":{"line":46,"column":53},"end":{"line":79,"column":1}},"14":{"start":{"line":51,"column":2},"end":{"line":78,"column":4}},"15":{"start":{"line":46,"column":13},"end":{"line":46,"column":53}}},"fnMap":{"0":{"name":"(anonymous_1)","decl":{"start":{"line":12,"column":16},"end":{"line":12,"column":21}},"loc":{"start":{"line":12,"column":25},"end":{"line":12,"column":60}}},"1":{"name":"(anonymous_2)","decl":{"start":{"line":13,"column":29},"end":{"line":13,"column":34}},"loc":{"start":{"line":13,"column":38},"end":{"line":13,"column":64}}},"2":{"name":"(anonymous_3)","decl":{"start":{"line":26,"column":11},"end":{"line":26,"column":16}},"loc":{"start":{"line":26,"column":20},"end":{"line":26,"column":51}}},"3":{"name":"(anonymous_4)","decl":{"start":{"line":31,"column":11},"end":{"line":31,"column":16}},"loc":{"start":{"line":31,"column":20},"end":{"line":31,"column":53}}},"4":{"name":"(anonymous_5)","decl":{"start":{"line":46,"column":53},"end":{"line":46,"column":54}},"loc":{"start":{"line":50,"column":5},"end":{"line":79,"column":1}}}},"branchMap":{"0":{"loc":{"start":{"line":69,"column":9},"end":{"line":74,"column":null}},"type":"binary-expr","locations":[{"start":{"line":69,"column":9},"end":{"line":69,"column":16}},{"start":{"line":70,"column":10},"end":{"line":73,"column":null}}]}},"s":{"0":0,"1":0,"2":0,"3":0,"4":0,"5":0,"6":0,"7":0,"8":0,"9":0,"10":0,"11":0,"12":0,"13":0,"14":0,"15":0},"f":{"0":0,"1":0,"2":0,"3":0,"4":0},"b":{"0":[0,0]}}
,"/workspace/CyberSpace/src/components/chat/ChatInput.tsx": {"path":"/workspace/CyberSpace/src/components/chat/ChatInput.tsx","statementMap":{"0":{"start":{"line":1,"column":0},"end":{"line":1,"column":59}},"1":{"start":{"line":2,"column":0},"end":{"line":2,"column":37}},"2":{"start":{"line":3,"column":0},"end":{"line":3,"column":50}},"3":{"start":{"line":4,"column":0},"end":{"line":4,"column":48}},"4":{"start":{"line":5,"column":0},"end":{"line":5,"column":44}},"5":{"start":{"line":7,"column":23},"end":{"line":11,"column":2}},"6":{"start":{"line":13,"column":17},"end":{"line":36,"column":2}},"7":{"start":{"line":18,"column":31},"end":{"line":18,"column":57}},"8":{"start":{"line":24,"column":25},"end":{"line":24,"column":62}},"9":{"start":{"line":25,"column":20},"end":{"line":25,"column":51}},"10":{"start":{"line":29,"column":29},"end":{"line":29,"column":60}},"11":{"start":{"line":33,"column":27},"end":{"line":33,"column":65}},"12":{"start":{"line":38,"column":21},"end":{"line":43,"column":2}},"13":{"start":{"line":51,"column":51},"end":{"line":104,"column":1}},"14":{"start":{"line":52,"column":26},"end":{"line":52,"column":38}},"15":{"start":{"line":53,"column":22},"end":{"line":53,"column":55}},"16":{"start":{"line":54,"column":26},"end":{"line":54,"column":52}},"17":{"start":{"line":56,"column":2},"end":{"line":62,"column":13}},"18":{"start":{"line":57,"column":4},"end":{"line":61,"column":5}},"19":{"start":{"line":58,"column":6},"end":{"line":58,"column":48}},"20":{"start":{"line":59,"column":27},"end":{"line":59,"column":59}},"21":{"start":{"line":60,"column":6},"end":{"line":60,"column":76}},"22":{"start":{"line":64,"column":24},"end":{"line":69,"column":3}},"23":{"start":{"line":65,"column":4},"end":{"line":68,"column":5}},"24":{"start":{"line":66,"column":6},"end":{"line":66,"column":25}},"25":{"start":{"line":67,"column":6},"end":{"line":67,"column":19}},"26":{"start":{"line":71,"column":23},"end":{"line":75,"column":3}},"27":{"start":{"line":72,"column":20},"end":{"line":72,"column":34}},"28":{"start":{"line":73,"column":4},"end":{"line":73,"column":21}},"29":{"start":{"line":74,"column":4},"end":{"line":74,"column":40}},"30":{"start":{"line":77,"column":21},"end":{"line":82,"column":3}},"31":{"start":{"line":78,"column":4},"end":{"line":78,"column":41}},"32":{"start":{"line":78,"column":34},"end":{"line":78,"column":41}},"33":{"start":{"line":79,"column":4},"end":{"line":79,"column":24}},"34":{"start":{"line":80,"column":4},"end":{"line":80,"column":16}},"35":{"start":{"line":81,"column":4},"end":{"line":81,"column":20}},"36":{"start":{"line":84,"column":2},"end":{"line":103,"column":4}},"37":{"start":{"line":51,"column":13},"end":{"line":51,"column":51}}},"fnMap":{"0":{"name":"(anonymous_1)","decl":{"start":{"line":18,"column":22},"end":{"line":18,"column":27}},"loc":{"start":{"line":18,"column":31},"end":{"line":18,"column":57}}},"1":{"name":"(anonymous_2)","decl":{"start":{"line":24,"column":16},"end":{"line":24,"column":21}},"loc":{"start":{"line":24,"column":25},"end":{"line":24,"column":62}}},"2":{"name":"(anonymous_3)","decl":{"start":{"line":25,"column":11},"end":{"line":25,"column":16}},"loc":{"start":{"line":25,"column":20},"end":{"line":25,"column":51}}},"3":{"name":"(anonymous_4)","decl":{"start":{"line":29,"column":20},"end":{"line":29,"column":25}},"loc":{"start":{"line":29,"column":29},"end":{"line":29,"column":60}}},"4":{"name":"(anonymous_5)","decl":{"start":{"line":33,"column":18},"end":{"line":33,"column":23}},"loc":{"start":{"line":33,"column":27},"end":{"line":33,"column":65}}},"5":{"name":"(anonymous_6)","decl":{"start":{"line":51,"column":51},"end":{"line":51,"column":52}},"loc":{"start":{"line":51,"column":86},"end":{"line":104,"column":1}}},"6":{"name":"(anonymous_7)","decl":{"start":{"line":56,"column":12},"end":{"line":56,"column":15}},"loc":{"start":{"line":56,"column":17},"end":{"line":62,"column":3}}},"7":{"name":"(anonymous_8)","decl":{"start":{"line":64,"column":24},"end":{"line":64,"column":25}},"loc":{"start":{"line":64,"column":51},"end":{"line":69,"column":3}}},"8":{"name":"(anonymous_9)","decl":{"start":{"line":71,"column":23},"end":{"line":71,"column":24}},"loc":{"start":{"line":71,"column":69},"end":{"line":75,"column":3}}},"9":{"name":"(anonymous_10)","decl":{"start":{"line":77,"column":21},"end":{"line":77,"column":24}},"loc":{"start":{"line":77,"column":26},"end":{"line":82,"column":3}}}},"branchMap":{"0":{"loc":{"start":{"line":57,"column":4},"end":{"line":61,"column":5}},"type":"if","locations":[{"start":{"line":57,"column":4},"end":{"line":61,"column":5}}]},"1":{"loc":{"start":{"line":65,"column":4},"end":{"line":68,"column":5}},"type":"if","locations":[{"start":{"line":65,"column":4},"end":{"line":68,"column":5}}]},"2":{"loc":{"start":{"line":65,"column":8},"end":{"line":65,"column":40}},"type":"binary-expr","locations":[{"start":{"line":65,"column":8},"end":{"line":65,"column":25}},{"start":{"line":65,"column":29},"end":{"line":65,"column":40}}]},"3":{"loc":{"start":{"line":78,"column":4},"end":{"line":78,"column":41}},"type":"if","locations":[{"start":{"line":78,"column":4},"end":{"line":78,"column":41}}]},"4":{"loc":{"start":{"line":78,"column":8},"end":{"line":78,"column":32}},"type":"binary-expr","locations":[{"start":{"line":78,"column":8},"end":{"line":78,"column":20}},{"start":{"line":78,"column":24},"end":{"line":78,"column":32}}]},"5":{"loc":{"start":{"line":98,"column":18},"end":{"line":98,"column":42}},"type":"binary-expr","locations":[{"start":{"line":98,"column":18},"end":{"line":98,"column":30}},{"start":{"line":98,"column":34},"end":{"line":98,"column":42}}]}},"s":{"0":0,"1":0,"2":0,"3":0,"4":0,"5":0,"6":0,"7":0,"8":0,"9":0,"10":0,"11":0,"12":0,"13":0,"14":0,"15":0,"16":0,"17":0,"18":0,"19":0,"20":0,"21":0,"22":0,"23":0,"24":0,"25":0,"26":0,"27":0,"28":0,"29":0,"30":0,"31":0,"32":0,"33":0,"34":0,"35":0,"36":0,"37":0},"f":{"0":0,"1":0,"2":0,"3":0,"4":0,"5":0,"6":0,"7":0,"8":0,"9":0},"b":{"0":[0],"1":[0],"2":[0,0],"3":[0],"4":[0,0],"5":[0,0]}}
,"/workspace/CyberSpace/src/components/chat/ChatMessage.tsx": {"path":"/workspace/CyberSpace/src/components/chat/ChatMessage.tsx","statementMap":{"0":{"start":{"line":2,"column":0},"end":{"line":2,"column":37}},"1":{"start":{"line":3,"column":0},"end":{"line":3,"column":47}},"2":{"start":{"line":4,"column":0},"end":{"line":4,"column":48}},"3":{"start":{"line":11,"column":25},"end":{"line":17,"column":2}},"4":{"start":{"line":13,"column":29},"end":{"line":13,"column":72}},"5":{"start":{"line":19,"column":22},"end":{"line":25,"column":2}},"6":{"start":{"line":22,"column":25},"end":{"line":22,"column":118}},"7":{"start":{"line":23,"column":20},"end":{"line":23,"column":115}},"8":{"start":{"line":27,"column":22},"end":{"line":32,"column":2}},"9":{"start":{"line":34,"column":20},"end":{"line":37,"column":2}},"10":{"start":{"line":36,"column":20},"end":{"line":36,"column":53}},"11":{"start":{"line":39,"column":22},"end":{"line":51,"column":2}},"12":{"start":{"line":42,"column":4},"end":{"line":49,"column":5}},"13":{"start":{"line":44,"column":8},"end":{"line":44,"column":47}},"14":{"start":{"line":46,"column":8},"end":{"line":46,"column":44}},"15":{"start":{"line":48,"column":8},"end":{"line":48,"column":49}},"16":{"start":{"line":58,"column":64},"end":{"line":85,"column":1}},"17":{"start":{"line":62,"column":2},"end":{"line":84,"column":4}},"18":{"start":{"line":58,"column":13},"end":{"line":58,"column":64}}},"fnMap":{"0":{"name":"(anonymous_1)","decl":{"start":{"line":13,"column":20},"end":{"line":13,"column":25}},"loc":{"start":{"line":13,"column":29},"end":{"line":13,"column":72}}},"1":{"name":"(anonymous_2)","decl":{"start":{"line":22,"column":16},"end":{"line":22,"column":21}},"loc":{"start":{"line":22,"column":25},"end":{"line":22,"column":118}}},"2":{"name":"(anonymous_3)","decl":{"start":{"line":23,"column":11},"end":{"line":23,"column":16}},"loc":{"start":{"line":23,"column":20},"end":{"line":23,"column":115}}},"3":{"name":"(anonymous_4)","decl":{"start":{"line":36,"column":11},"end":{"line":36,"column":16}},"loc":{"start":{"line":36,"column":20},"end":{"line":36,"column":53}}},"4":{"name":"(anonymous_5)","decl":{"start":{"line":41,"column":11},"end":{"line":41,"column":16}},"loc":{"start":{"line":41,"column":19},"end":{"line":50,"column":3}}},"5":{"name":"(anonymous_6)","decl":{"start":{"line":58,"column":64},"end":{"line":58,"column":65}},"loc":{"start":{"line":61,"column":5},"end":{"line":85,"column":1}}}},"branchMap":{"0":{"loc":{"start":{"line":13,"column":29},"end":{"line":13,"column":72}},"type":"cond-expr","locations":[{"start":{"line":13,"column":51},"end":{"line":13,"column":64}},{"start":{"line":13,"column":67},"end":{"line":13,"column":72}}]},"1":{"loc":{"start":{"line":22,"column":25},"end":{"line":22,"column":118}},"type":"cond-expr","locations":[{"start":{"line":22,"column":47},"end":{"line":22,"column":78}},{"start":{"line":22,"column":81},"end":{"line":22,"column":118}}]},"2":{"loc":{"start":{"line":23,"column":20},"end":{"line":23,"column":115}},"type":"cond-expr","locations":[{"start":{"line":23,"column":42},"end":{"line":23,"column":81}},{"start":{"line":23,"column":84},"end":{"line":23,"column":115}}]},"3":{"loc":{"start":{"line":42,"column":4},"end":{"line":49,"column":5}},"type":"switch","locations":[{"start":{"line":43,"column":6},"end":{"line":44,"column":47}},{"start":{"line":45,"column":6},"end":{"line":46,"column":44}},{"start":{"line":47,"column":6},"end":{"line":48,"column":49}}]},"4":{"loc":{"start":{"line":60,"column":2},"end":{"line":60,"column":22}},"type":"default-arg","locations":[{"start":{"line":60,"column":17},"end":{"line":60,"column":22}}]},"5":{"loc":{"start":{"line":75,"column":11},"end":{"line":78,"column":null}},"type":"binary-expr","locations":[{"start":{"line":75,"column":11},"end":{"line":75,"column":23}},{"start":{"line":76,"column":12},"end":{"line":77,"column":null}}]}},"s":{"0":0,"1":0,"2":0,"3":0,"4":0,"5":0,"6":0,"7":0,"8":0,"9":0,"10":0,"11":0,"12":0,"13":0,"14":0,"15":0,"16":0,"17":0,"18":0},"f":{"0":0,"1":0,"2":0,"3":0,"4":0,"5":0},"b":{"0":[0,0],"1":[0,0],"2":[0,0],"3":[0,0,0],"4":[0],"5":[0,0]}}
,"/workspace/CyberSpace/src/components/chat/ChatUserList.tsx": {"path":"/workspace/CyberSpace/src/components/chat/ChatUserList.tsx","statementMap":{"0":{"start":{"line":2,"column":0},"end":{"line":2,"column":37}},"1":{"start":{"line":3,"column":0},"end":{"line":3,"column":48}},"2":{"start":{"line":6,"column":26},"end":{"line":12,"column":2}},"3":{"start":{"line":10,"column":36},"end":{"line":10,"column":62}},"4":{"start":{"line":11,"column":25},"end":{"line":11,"column":60}},"5":{"start":{"line":14,"column":23},"end":{"line":19,"column":2}},"6":{"start":{"line":16,"column":20},"end":{"line":16,"column":53}},"7":{"start":{"line":17,"column":38},"end":{"line":17,"column":64}},"8":{"start":{"line":21,"column":17},"end":{"line":25,"column":2}},"9":{"start":{"line":27,"column":17},"end":{"line":39,"column":2}},"10":{"start":{"line":37,"column":27},"end":{"line":37,"column":58}},"11":{"start":{"line":41,"column":17},"end":{"line":44,"column":2}},"12":{"start":{"line":43,"column":20},"end":{"line":43,"column":51}},"13":{"start":{"line":46,"column":19},"end":{"line":49,"column":2}},"14":{"start":{"line":48,"column":20},"end":{"line":48,"column":53}},"15":{"start":{"line":56,"column":57},"end":{"line":85,"column":1}},"16":{"start":{"line":60,"column":2},"end":{"line":84,"column":4}},"17":{"start":{"line":67,"column":10},"end":{"line":68,"column":null}},"18":{"start":{"line":69,"column":27},"end":{"line":69,"column":46}},"19":{"start":{"line":56,"column":13},"end":{"line":56,"column":57}}},"fnMap":{"0":{"name":"(anonymous_1)","decl":{"start":{"line":10,"column":27},"end":{"line":10,"column":32}},"loc":{"start":{"line":10,"column":36},"end":{"line":10,"column":62}}},"1":{"name":"(anonymous_2)","decl":{"start":{"line":11,"column":16},"end":{"line":11,"column":21}},"loc":{"start":{"line":11,"column":25},"end":{"line":11,"column":60}}},"2":{"name":"(anonymous_3)","decl":{"start":{"line":16,"column":11},"end":{"line":16,"column":16}},"loc":{"start":{"line":16,"column":20},"end":{"line":16,"column":53}}},"3":{"name":"(anonymous_4)","decl":{"start":{"line":17,"column":29},"end":{"line":17,"column":34}},"loc":{"start":{"line":17,"column":38},"end":{"line":17,"column":64}}},"4":{"name":"(anonymous_5)","decl":{"start":{"line":37,"column":18},"end":{"line":37,"column":23}},"loc":{"start":{"line":37,"column":27},"end":{"line":37,"column":58}}},"5":{"name":"(anonymous_6)","decl":{"start":{"line":43,"column":11},"end":{"line":43,"column":16}},"loc":{"start":{"line":43,"column":20},"end":{"line":43,"column":51}}},"6":{"name":"(anonymous_7)","decl":{"start":{"line":48,"column":11},"end":{"line":48,"column":16}},"loc":{"start":{"line":48,"column":20},"end":{"line":48,"column":53}}},"7":{"name":"(anonymous_8)","decl":{"start":{"line":56,"column":57},"end":{"line":56,"column":58}},"loc":{"start":{"line":59,"column":5},"end":{"line":85,"column":1}}},"8":{"name":"(anonymous_9)","decl":{"start":{"line":66,"column":19},"end":{"line":66,"column":23}},"loc":{"start":{"line":67,"column":10},"end":{"line":68,"column":null}}},"9":{"name":"(anonymous_10)","decl":{"start":{"line":69,"column":21},"end":{"line":69,"column":24}},"loc":{"start":{"line":69,"column":27},"end":{"line":69,"column":46}}}},"branchMap":{},"s":{"0":0,"1":0,"2":0,"3":0,"4":0,"5":0,"6":0,"7":0,"8":0,"9":0,"10":0,"11":0,"12":0,"13":0,"14":0,"15":0,"16":0,"17":0,"18":0,"19":0},"f":{"0":0,"1":0,"2":0,"3":0,"4":0,"5":0,"6":0,"7":0,"8":0,"9":0},"b":{}}
,"/workspace/CyberSpace/src/components/minimap/MinimapControls.tsx": {"path":"/workspace/CyberSpace/src/components/minimap/MinimapControls.tsx","statementMap":{"0":{"start":{"line":2,"column":0},"end":{"line":2,"column":37}},"1":{"start":{"line":3,"column":0},"end":{"line":3,"column":56}},"2":{"start":{"line":4,"column":0},"end":{"line":4,"column":50}},"3":{"start":{"line":5,"column":0},"end":{"line":5,"column":44}},"4":{"start":{"line":8,"column":26},"end":{"line":19,"column":2}},"5":{"start":{"line":15,"column":25},"end":{"line":15,"column":60}},"6":{"start":{"line":18,"column":25},"end":{"line":18,"column":47}},"7":{"start":{"line":27,"column":63},"end":{"line":85,"column":1}},"8":{"start":{"line":32,"column":23},"end":{"line":42,"column":3}},"9":{"start":{"line":33,"column":20},"end":{"line":33,"column":52}},"10":{"start":{"line":34,"column":24},"end":{"line":39,"column":6}},"11":{"start":{"line":40,"column":4},"end":{"line":40,"column":26}},"12":{"start":{"line":41,"column":4},"end":{"line":41,"column":36}},"13":{"start":{"line":44,"column":24},"end":{"line":54,"column":3}},"14":{"start":{"line":45,"column":20},"end":{"line":45,"column":52}},"15":{"start":{"line":46,"column":24},"end":{"line":51,"column":6}},"16":{"start":{"line":52,"column":4},"end":{"line":52,"column":26}},"17":{"start":{"line":53,"column":4},"end":{"line":53,"column":36}},"18":{"start":{"line":56,"column":22},"end":{"line":64,"column":3}},"19":{"start":{"line":57,"column":24},"end":{"line":61,"column":6}},"20":{"start":{"line":62,"column":4},"end":{"line":62,"column":26}},"21":{"start":{"line":63,"column":4},"end":{"line":63,"column":36}},"22":{"start":{"line":66,"column":2},"end":{"line":84,"column":4}},"23":{"start":{"line":27,"column":13},"end":{"line":27,"column":63}}},"fnMap":{"0":{"name":"(anonymous_1)","decl":{"start":{"line":15,"column":16},"end":{"line":15,"column":21}},"loc":{"start":{"line":15,"column":25},"end":{"line":15,"column":60}}},"1":{"name":"(anonymous_2)","decl":{"start":{"line":18,"column":16},"end":{"line":18,"column":21}},"loc":{"start":{"line":18,"column":25},"end":{"line":18,"column":47}}},"2":{"name":"(anonymous_3)","decl":{"start":{"line":27,"column":63},"end":{"line":27,"column":64}},"loc":{"start":{"line":31,"column":5},"end":{"line":85,"column":1}}},"3":{"name":"(anonymous_4)","decl":{"start":{"line":32,"column":23},"end":{"line":32,"column":26}},"loc":{"start":{"line":32,"column":28},"end":{"line":42,"column":3}}},"4":{"name":"(anonymous_5)","decl":{"start":{"line":44,"column":24},"end":{"line":44,"column":27}},"loc":{"start":{"line":44,"column":29},"end":{"line":54,"column":3}}},"5":{"name":"(anonymous_6)","decl":{"start":{"line":56,"column":22},"end":{"line":56,"column":25}},"loc":{"start":{"line":56,"column":27},"end":{"line":64,"column":3}}}},"branchMap":{},"s":{"0":0,"1":0,"2":0,"3":0,"4":0,"5":0,"6":0,"7":0,"8":0,"9":0,"10":0,"11":0,"12":0,"13":0,"14":0,"15":0,"16":0,"17":0,"18":0,"19":0,"20":0,"21":0,"22":0,"23":0},"f":{"0":0,"1":0,"2":0,"3":0,"4":0,"5":0},"b":{}}
,"/workspace/CyberSpace/src/components/minimap/MinimapMarker.tsx": {"path":"/workspace/CyberSpace/src/components/minimap/MinimapMarker.tsx","statementMap":{"0":{"start":{"line":2,"column":0},"end":{"line":2,"column":37}},"1":{"start":{"line":11,"column":24},"end":{"line":26,"column":2}},"2":{"start":{"line":13,"column":19},"end":{"line":13,"column":27}},"3":{"start":{"line":14,"column":18},"end":{"line":14,"column":26}},"4":{"start":{"line":18,"column":25},"end":{"line":18,"column":74}},"5":{"start":{"line":33,"column":59},"end":{"line":45,"column":1}},"6":{"start":{"line":37,"column":2},"end":{"line":44,"column":4}},"7":{"start":{"line":42,"column":21},"end":{"line":42,"column":38}},"8":{"start":{"line":33,"column":13},"end":{"line":33,"column":59}}},"fnMap":{"0":{"name":"(anonymous_1)","decl":{"start":{"line":13,"column":10},"end":{"line":13,"column":15}},"loc":{"start":{"line":13,"column":19},"end":{"line":13,"column":27}}},"1":{"name":"(anonymous_2)","decl":{"start":{"line":14,"column":9},"end":{"line":14,"column":14}},"loc":{"start":{"line":14,"column":18},"end":{"line":14,"column":26}}},"2":{"name":"(anonymous_3)","decl":{"start":{"line":18,"column":16},"end":{"line":18,"column":21}},"loc":{"start":{"line":18,"column":25},"end":{"line":18,"column":74}}},"3":{"name":"(anonymous_4)","decl":{"start":{"line":33,"column":59},"end":{"line":33,"column":60}},"loc":{"start":{"line":36,"column":5},"end":{"line":45,"column":1}}},"4":{"name":"(anonymous_5)","decl":{"start":{"line":42,"column":15},"end":{"line":42,"column":18}},"loc":{"start":{"line":42,"column":21},"end":{"line":42,"column":38}}}},"branchMap":{"0":{"loc":{"start":{"line":18,"column":25},"end":{"line":18,"column":74}},"type":"binary-expr","locations":[{"start":{"line":18,"column":25},"end":{"line":18,"column":37}},{"start":{"line":18,"column":41},"end":{"line":18,"column":74}}]}},"s":{"0":0,"1":0,"2":0,"3":0,"4":0,"5":0,"6":0,"7":0,"8":0},"f":{"0":0,"1":0,"2":0,"3":0,"4":0},"b":{"0":[0,0]}}
,"/workspace/CyberSpace/src/components/minimap/MinimapOverlay.tsx": {"path":"/workspace/CyberSpace/src/components/minimap/MinimapOverlay.tsx","statementMap":{"0":{"start":{"line":2,"column":0},"end":{"line":2,"column":37}},"1":{"start":{"line":3,"column":0},"end":{"line":3,"column":48}},"2":{"start":{"line":4,"column":0},"end":{"line":4,"column":48}},"3":{"start":{"line":7,"column":25},"end":{"line":14,"column":2}},"4":{"start":{"line":16,"column":21},"end":{"line":23,"column":2}},"5":{"start":{"line":32,"column":61},"end":{"line":60,"column":1}},"6":{"start":{"line":38,"column":2},"end":{"line":59,"column":4}},"7":{"start":{"line":42,"column":10},"end":{"line":43,"column":null}},"8":{"start":{"line":51,"column":10},"end":{"line":52,"column":null}},"9":{"start":{"line":32,"column":13},"end":{"line":32,"column":61}}},"fnMap":{"0":{"name":"(anonymous_1)","decl":{"start":{"line":32,"column":61},"end":{"line":32,"column":62}},"loc":{"start":{"line":37,"column":5},"end":{"line":60,"column":1}}},"1":{"name":"(anonymous_2)","decl":{"start":{"line":41,"column":21},"end":{"line":41,"column":22}},"loc":{"start":{"line":42,"column":10},"end":{"line":43,"column":null}}},"2":{"name":"(anonymous_3)","decl":{"start":{"line":50,"column":21},"end":{"line":50,"column":22}},"loc":{"start":{"line":51,"column":10},"end":{"line":52,"column":null}}}},"branchMap":{"0":{"loc":{"start":{"line":33,"column":2},"end":{"line":33,"column":14}},"type":"default-arg","locations":[{"start":{"line":33,"column":12},"end":{"line":33,"column":14}}]},"1":{"loc":{"start":{"line":34,"column":2},"end":{"line":34,"column":14}},"type":"default-arg","locations":[{"start":{"line":34,"column":12},"end":{"line":34,"column":14}}]}},"s":{"0":0,"1":0,"2":0,"3":0,"4":0,"5":0,"6":0,"7":0,"8":0,"9":0},"f":{"0":0,"1":0,"2":0},"b":{"0":[0],"1":[0]}}
,"/workspace/CyberSpace/src/components/minimap/MinimapRegion.tsx": {"path":"/workspace/CyberSpace/src/components/minimap/MinimapRegion.tsx","statementMap":{"0":{"start":{"line":2,"column":0},"end":{"line":2,"column":37}},"1":{"start":{"line":13,"column":24},"end":{"line":27,"column":2}},"2":{"start":{"line":15,"column":19},"end":{"line":15,"column":27}},"3":{"start":{"line":16,"column":18},"end":{"line":16,"column":26}},"4":{"start":{"line":17,"column":20},"end":{"line":17,"column":32}},"5":{"start":{"line":18,"column":21},"end":{"line":18,"column":34}},"6":{"start":{"line":19,"column":25},"end":{"line":19,"column":79}},"7":{"start":{"line":20,"column":31},"end":{"line":20,"column":78}},"8":{"start":{"line":25,"column":27},"end":{"line":25,"column":81}},"9":{"start":{"line":34,"column":59},"end":{"line":48,"column":1}},"10":{"start":{"line":38,"column":2},"end":{"line":47,"column":4}},"11":{"start":{"line":45,"column":21},"end":{"line":45,"column":38}},"12":{"start":{"line":34,"column":13},"end":{"line":34,"column":59}}},"fnMap":{"0":{"name":"(anonymous_1)","decl":{"start":{"line":15,"column":10},"end":{"line":15,"column":15}},"loc":{"start":{"line":15,"column":19},"end":{"line":15,"column":27}}},"1":{"name":"(anonymous_2)","decl":{"start":{"line":16,"column":9},"end":{"line":16,"column":14}},"loc":{"start":{"line":16,"column":18},"end":{"line":16,"column":26}}},"2":{"name":"(anonymous_3)","decl":{"start":{"line":17,"column":11},"end":{"line":17,"column":16}},"loc":{"start":{"line":17,"column":20},"end":{"line":17,"column":32}}},"3":{"name":"(anonymous_4)","decl":{"start":{"line":18,"column":12},"end":{"line":18,"column":17}},"loc":{"start":{"line":18,"column":21},"end":{"line":18,"column":34}}},"4":{"name":"(anonymous_5)","decl":{"start":{"line":19,"column":16},"end":{"line":19,"column":21}},"loc":{"start":{"line":19,"column":25},"end":{"line":19,"column":79}}},"5":{"name":"(anonymous_6)","decl":{"start":{"line":20,"column":22},"end":{"line":20,"column":27}},"loc":{"start":{"line":20,"column":31},"end":{"line":20,"column":78}}},"6":{"name":"(anonymous_7)","decl":{"start":{"line":25,"column":18},"end":{"line":25,"column":23}},"loc":{"start":{"line":25,"column":27},"end":{"line":25,"column":81}}},"7":{"name":"(anonymous_8)","decl":{"start":{"line":34,"column":59},"end":{"line":34,"column":60}},"loc":{"start":{"line":37,"column":5},"end":{"line":48,"column":1}}},"8":{"name":"(anonymous_9)","decl":{"start":{"line":45,"column":15},"end":{"line":45,"column":18}},"loc":{"start":{"line":45,"column":21},"end":{"line":45,"column":38}}}},"branchMap":{"0":{"loc":{"start":{"line":19,"column":25},"end":{"line":19,"column":79}},"type":"binary-expr","locations":[{"start":{"line":19,"column":25},"end":{"line":19,"column":37}},{"start":{"line":19,"column":41},"end":{"line":19,"column":79}}]},"1":{"loc":{"start":{"line":20,"column":31},"end":{"line":20,"column":78}},"type":"binary-expr","locations":[{"start":{"line":20,"column":31},"end":{"line":20,"column":43}},{"start":{"line":20,"column":47},"end":{"line":20,"column":78}}]},"2":{"loc":{"start":{"line":25,"column":27},"end":{"line":25,"column":81}},"type":"binary-expr","locations":[{"start":{"line":25,"column":27},"end":{"line":25,"column":39}},{"start":{"line":25,"column":43},"end":{"line":25,"column":81}}]}},"s":{"0":0,"1":0,"2":0,"3":0,"4":0,"5":0,"6":0,"7":0,"8":0,"9":0,"10":0,"11":0,"12":0},"f":{"0":0,"1":0,"2":0,"3":0,"4":0,"5":0,"6":0,"7":0,"8":0},"b":{"0":[0,0],"1":[0,0],"2":[0,0]}}
,"/workspace/CyberSpace/src/components/network/NetworkContextMenu.tsx": {"path":"/workspace/CyberSpace/src/components/network/NetworkContextMenu.tsx","statementMap":{"0":{"start":{"line":2,"column":0},"end":{"line":2,"column":37}},"1":{"start":{"line":4,"column":29},"end":{"line":15,"column":2}},"2":{"start":{"line":6,"column":21},"end":{"line":6,"column":29}},"3":{"start":{"line":7,"column":20},"end":{"line":7,"column":28}},"4":{"start":{"line":17,"column":19},"end":{"line":21,"column":2}},"5":{"start":{"line":23,"column":19},"end":{"line":25,"column":2}},"6":{"start":{"line":27,"column":19},"end":{"line":30,"column":2}},"7":{"start":{"line":32,"column":21},"end":{"line":46,"column":2}},"8":{"start":{"line":35,"column":4},"end":{"line":44,"column":5}},"9":{"start":{"line":37,"column":8},"end":{"line":37,"column":25}},"10":{"start":{"line":39,"column":8},"end":{"line":39,"column":22}},"11":{"start":{"line":41,"column":8},"end":{"line":41,"column":25}},"12":{"start":{"line":43,"column":8},"end":{"line":43,"column":25}},"13":{"start":{"line":48,"column":20},"end":{"line":52,"column":2}},"14":{"start":{"line":54,"column":17},"end":{"line":66,"column":2}},"15":{"start":{"line":68,"column":20},"end":{"line":70,"column":2}},"16":{"start":{"line":72,"column":19},"end":{"line":86,"column":2}},"17":{"start":{"line":88,"column":17},"end":{"line":101,"column":2}},"18":{"start":{"line":115,"column":69},"end":{"line":168,"column":1}},"19":{"start":{"line":122,"column":23},"end":{"line":125,"column":3}},"20":{"start":{"line":123,"column":4},"end":{"line":123,"column":21}},"21":{"start":{"line":124,"column":4},"end":{"line":124,"column":14}},"22":{"start":{"line":127,"column":2},"end":{"line":167,"column":4}},"23":{"start":{"line":138,"column":33},"end":{"line":138,"column":59}},"24":{"start":{"line":141,"column":33},"end":{"line":141,"column":57}},"25":{"start":{"line":144,"column":33},"end":{"line":144,"column":53}},"26":{"start":{"line":150,"column":35},"end":{"line":150,"column":59}},"27":{"start":{"line":153,"column":35},"end":{"line":153,"column":61}},"28":{"start":{"line":156,"column":35},"end":{"line":156,"column":55}},"29":{"start":{"line":162,"column":35},"end":{"line":162,"column":55}},"30":{"start":{"line":115,"column":13},"end":{"line":115,"column":69}}},"fnMap":{"0":{"name":"(anonymous_1)","decl":{"start":{"line":6,"column":10},"end":{"line":6,"column":11}},"loc":{"start":{"line":6,"column":21},"end":{"line":6,"column":29}}},"1":{"name":"(anonymous_2)","decl":{"start":{"line":7,"column":9},"end":{"line":7,"column":10}},"loc":{"start":{"line":7,"column":20},"end":{"line":7,"column":28}}},"2":{"name":"(anonymous_3)","decl":{"start":{"line":34,"column":11},"end":{"line":34,"column":12}},"loc":{"start":{"line":34,"column":26},"end":{"line":45,"column":3}}},"3":{"name":"(anonymous_4)","decl":{"start":{"line":115,"column":69},"end":{"line":115,"column":70}},"loc":{"start":{"line":121,"column":5},"end":{"line":168,"column":1}}},"4":{"name":"(anonymous_5)","decl":{"start":{"line":122,"column":23},"end":{"line":122,"column":24}},"loc":{"start":{"line":122,"column":42},"end":{"line":125,"column":3}}},"5":{"name":"(anonymous_6)","decl":{"start":{"line":138,"column":27},"end":{"line":138,"column":30}},"loc":{"start":{"line":138,"column":33},"end":{"line":138,"column":59}}},"6":{"name":"(anonymous_7)","decl":{"start":{"line":141,"column":27},"end":{"line":141,"column":30}},"loc":{"start":{"line":141,"column":33},"end":{"line":141,"column":57}}},"7":{"name":"(anonymous_8)","decl":{"start":{"line":144,"column":27},"end":{"line":144,"column":30}},"loc":{"start":{"line":144,"column":33},"end":{"line":144,"column":53}}},"8":{"name":"(anonymous_9)","decl":{"start":{"line":150,"column":29},"end":{"line":150,"column":32}},"loc":{"start":{"line":150,"column":35},"end":{"line":150,"column":59}}},"9":{"name":"(anonymous_10)","decl":{"start":{"line":153,"column":29},"end":{"line":153,"column":32}},"loc":{"start":{"line":153,"column":35},"end":{"line":153,"column":61}}},"10":{"name":"(anonymous_11)","decl":{"start":{"line":156,"column":29},"end":{"line":156,"column":32}},"loc":{"start":{"line":156,"column":35},"end":{"line":156,"column":55}}},"11":{"name":"(anonymous_12)","decl":{"start":{"line":162,"column":29},"end":{"line":162,"column":32}},"loc":{"start":{"line":162,"column":35},"end":{"line":162,"column":55}}}},"branchMap":{"0":{"loc":{"start":{"line":35,"column":4},"end":{"line":44,"column":5}},"type":"switch","locations":[{"start":{"line":36,"column":6},"end":{"line":37,"column":25}},{"start":{"line":38,"column":6},"end":{"line":39,"column":22}},{"start":{"line":40,"column":6},"end":{"line":41,"column":25}},{"start":{"line":42,"column":6},"end":{"line":43,"column":25}}]}},"s":{"0":0,"1":0,"2":0,"3":0,"4":0,"5":0,"6":0,"7":0,"8":0,"9":0,"10":0,"11":0,"12":0,"13":0,"14":0,"15":0,"16":0,"17":0,"18":0,"19":0,"20":0,"21":0,"22":0,"23":0,"24":0,"25":0,"26":0,"27":0,"28":0,"29":0,"30":0},"f":{"0":0,"1":0,"2":0,"3":0,"4":0,"5":0,"6":0,"7":0,"8":0,"9":0,"10":0,"11":0},"b":{"0":[0,0,0,0]}}
,"/workspace/CyberSpace/src/components/network/NetworkControls.tsx": {"path":"/workspace/CyberSpace/src/components/network/NetworkControls.tsx","statementMap":{"0":{"start":{"line":2,"column":0},"end":{"line":2,"column":37}},"1":{"start":{"line":3,"column":0},"end":{"line":3,"column":56}},"2":{"start":{"line":4,"column":0},"end":{"line":4,"column":50}},"3":{"start":{"line":5,"column":0},"end":{"line":5,"column":44}},"4":{"start":{"line":7,"column":26},"end":{"line":18,"column":2}},"5":{"start":{"line":14,"column":25},"end":{"line":14,"column":60}},"6":{"start":{"line":17,"column":25},"end":{"line":17,"column":47}},"7":{"start":{"line":26,"column":63},"end":{"line":50,"column":1}},"8":{"start":{"line":31,"column":2},"end":{"line":49,"column":4}},"9":{"start":{"line":26,"column":13},"end":{"line":26,"column":63}}},"fnMap":{"0":{"name":"(anonymous_1)","decl":{"start":{"line":14,"column":16},"end":{"line":14,"column":21}},"loc":{"start":{"line":14,"column":25},"end":{"line":14,"column":60}}},"1":{"name":"(anonymous_2)","decl":{"start":{"line":17,"column":16},"end":{"line":17,"column":21}},"loc":{"start":{"line":17,"column":25},"end":{"line":17,"column":47}}},"2":{"name":"(anonymous_3)","decl":{"start":{"line":26,"column":63},"end":{"line":26,"column":64}},"loc":{"start":{"line":30,"column":5},"end":{"line":50,"column":1}}}},"branchMap":{},"s":{"0":0,"1":0,"2":0,"3":0,"4":0,"5":0,"6":0,"7":0,"8":0,"9":0},"f":{"0":0,"1":0,"2":0},"b":{}}
,"/workspace/CyberSpace/src/components/network/NetworkLegend.tsx": {"path":"/workspace/CyberSpace/src/components/network/NetworkLegend.tsx","statementMap":{"0":{"start":{"line":2,"column":0},"end":{"line":2,"column":37}},"1":{"start":{"line":5,"column":24},"end":{"line":14,"column":2}},"2":{"start":{"line":9,"column":25},"end":{"line":9,"column":60}},"3":{"start":{"line":12,"column":25},"end":{"line":12,"column":47}},"4":{"start":{"line":16,"column":20},"end":{"line":21,"column":2}},"5":{"start":{"line":20,"column":20},"end":{"line":20,"column":51}},"6":{"start":{"line":23,"column":22},"end":{"line":29,"column":2}},"7":{"start":{"line":31,"column":27},"end":{"line":36,"column":2}},"8":{"start":{"line":35,"column":20},"end":{"line":35,"column":53}},"9":{"start":{"line":38,"column":19},"end":{"line":47,"column":2}},"10":{"start":{"line":49,"column":20},"end":{"line":54,"column":2}},"11":{"start":{"line":53,"column":25},"end":{"line":53,"column":36}},"12":{"start":{"line":56,"column":20},"end":{"line":59,"column":2}},"13":{"start":{"line":58,"column":20},"end":{"line":58,"column":51}},"14":{"start":{"line":65,"column":59},"end":{"line":109,"column":1}},"15":{"start":{"line":67,"column":20},"end":{"line":72,"column":5}},"16":{"start":{"line":68,"column":35},"end":{"line":68,"column":44}},"17":{"start":{"line":69,"column":17},"end":{"line":72,"column":4}},"18":{"start":{"line":71,"column":35},"end":{"line":71,"column":53}},"19":{"start":{"line":75,"column":20},"end":{"line":80,"column":5}},"20":{"start":{"line":76,"column":35},"end":{"line":76,"column":44}},"21":{"start":{"line":77,"column":17},"end":{"line":80,"column":4}},"22":{"start":{"line":79,"column":35},"end":{"line":79,"column":53}},"23":{"start":{"line":82,"column":2},"end":{"line":108,"column":4}},"24":{"start":{"line":89,"column":12},"end":{"line":89,"column":null}},"25":{"start":{"line":100,"column":12},"end":{"line":100,"column":null}},"26":{"start":{"line":65,"column":13},"end":{"line":65,"column":59}}},"fnMap":{"0":{"name":"(anonymous_1)","decl":{"start":{"line":9,"column":16},"end":{"line":9,"column":21}},"loc":{"start":{"line":9,"column":25},"end":{"line":9,"column":60}}},"1":{"name":"(anonymous_2)","decl":{"start":{"line":12,"column":16},"end":{"line":12,"column":21}},"loc":{"start":{"line":12,"column":25},"end":{"line":12,"column":47}}},"2":{"name":"(anonymous_3)","decl":{"start":{"line":20,"column":11},"end":{"line":20,"column":16}},"loc":{"start":{"line":20,"column":20},"end":{"line":20,"column":51}}},"3":{"name":"(anonymous_4)","decl":{"start":{"line":35,"column":11},"end":{"line":35,"column":16}},"loc":{"start":{"line":35,"column":20},"end":{"line":35,"column":53}}},"4":{"name":"(anonymous_5)","decl":{"start":{"line":53,"column":16},"end":{"line":53,"column":21}},"loc":{"start":{"line":53,"column":25},"end":{"line":53,"column":36}}},"5":{"name":"(anonymous_6)","decl":{"start":{"line":58,"column":11},"end":{"line":58,"column":16}},"loc":{"start":{"line":58,"column":20},"end":{"line":58,"column":51}}},"6":{"name":"(anonymous_7)","decl":{"start":{"line":65,"column":59},"end":{"line":65,"column":60}},"loc":{"start":{"line":65,"column":72},"end":{"line":109,"column":1}}},"7":{"name":"(anonymous_8)","decl":{"start":{"line":68,"column":27},"end":{"line":68,"column":31}},"loc":{"start":{"line":68,"column":35},"end":{"line":68,"column":44}}},"8":{"name":"(anonymous_9)","decl":{"start":{"line":69,"column":8},"end":{"line":69,"column":12}},"loc":{"start":{"line":69,"column":17},"end":{"line":72,"column":4}}},"9":{"name":"(anonymous_10)","decl":{"start":{"line":71,"column":27},"end":{"line":71,"column":31}},"loc":{"start":{"line":71,"column":35},"end":{"line":71,"column":53}}},"10":{"name":"(anonymous_11)","decl":{"start":{"line":76,"column":27},"end":{"line":76,"column":31}},"loc":{"start":{"line":76,"column":35},"end":{"line":76,"column":44}}},"11":{"name":"(anonymous_12)","decl":{"start":{"line":77,"column":8},"end":{"line":77,"column":12}},"loc":{"start":{"line":77,"column":17},"end":{"line":80,"column":4}}},"12":{"name":"(anonymous_13)","decl":{"start":{"line":79,"column":27},"end":{"line":79,"column":31}},"loc":{"start":{"line":79,"column":35},"end":{"line":79,"column":53}}},"13":{"name":"(anonymous_14)","decl":{"start":{"line":88,"column":25},"end":{"line":88,"column":26}},"loc":{"start":{"line":89,"column":12},"end":{"line":89,"column":null}}},"14":{"name":"(anonymous_15)","decl":{"start":{"line":99,"column":25},"end":{"line":99,"column":26}},"loc":{"start":{"line":100,"column":12},"end":{"line":100,"column":null}}}},"branchMap":{"0":{"loc":{"start":{"line":85,"column":7},"end":{"line":94,"column":null}},"type":"binary-expr","locations":[{"start":{"line":85,"column":7},"end":{"line":85,"column":27}},{"start":{"line":86,"column":8},"end":{"line":93,"column":null}}]},"1":{"loc":{"start":{"line":90,"column":34},"end":{"line":90,"column":49}},"type":"binary-expr","locations":[{"start":{"line":90,"column":34},"end":{"line":90,"column":39}},{"start":{"line":90,"column":43},"end":{"line":90,"column":49}}]},"2":{"loc":{"start":{"line":96,"column":7},"end":{"line":105,"column":null}},"type":"binary-expr","locations":[{"start":{"line":96,"column":7},"end":{"line":96,"column":27}},{"start":{"line":97,"column":8},"end":{"line":104,"column":null}}]},"3":{"loc":{"start":{"line":101,"column":34},"end":{"line":101,"column":49}},"type":"binary-expr","locations":[{"start":{"line":101,"column":34},"end":{"line":101,"column":39}},{"start":{"line":101,"column":43},"end":{"line":101,"column":49}}]}},"s":{"0":0,"1":0,"2":0,"3":0,"4":0,"5":0,"6":0,"7":0,"8":0,"9":0,"10":0,"11":0,"12":0,"13":0,"14":0,"15":0,"16":0,"17":0,"18":0,"19":0,"20":0,"21":0,"22":0,"23":0,"24":0,"25":0,"26":0},"f":{"0":0,"1":0,"2":0,"3":0,"4":0,"5":0,"6":0,"7":0,"8":0,"9":0,"10":0,"11":0,"12":0,"13":0,"14":0},"b":{"0":[0,0],"1":[0,0],"2":[0,0],"3":[0,0]}}
,"/workspace/CyberSpace/src/components/network/NetworkSidebar.tsx": {"path":"/workspace/CyberSpace/src/components/network/NetworkSidebar.tsx","statementMap":{"0":{"start":{"line":1,"column":0},"end":{"line":1,"column":40}},"1":{"start":{"line":2,"column":0},"end":{"line":2,"column":37}},"2":{"start":{"line":4,"column":25},"end":{"line":16,"column":2}},"3":{"start":{"line":18,"column":22},"end":{"line":24,"column":2}},"4":{"start":{"line":26,"column":23},"end":{"line":28,"column":2}},"5":{"start":{"line":30,"column":21},"end":{"line":33,"column":2}},"6":{"start":{"line":35,"column":16},"end":{"line":38,"column":2}},"7":{"start":{"line":40,"column":16},"end":{"line":55,"column":2}},"8":{"start":{"line":46,"column":4},"end":{"line":53,"column":5}},"9":{"start":{"line":48,"column":8},"end":{"line":48,"column":25}},"10":{"start":{"line":50,"column":8},"end":{"line":50,"column":25}},"11":{"start":{"line":52,"column":8},"end":{"line":52,"column":25}},"12":{"start":{"line":57,"column":20},"end":{"line":70,"column":2}},"13":{"start":{"line":72,"column":20},"end":{"line":80,"column":2}},"14":{"start":{"line":82,"column":20},"end":{"line":89,"column":2}},"15":{"start":{"line":91,"column":25},"end":{"line":96,"column":2}},"16":{"start":{"line":92,"column":26},"end":{"line":92,"column":37}},"17":{"start":{"line":94,"column":37},"end":{"line":94,"column":42}},"18":{"start":{"line":98,"column":22},"end":{"line":102,"column":2}},"19":{"start":{"line":109,"column":61},"end":{"line":213,"column":1}},"20":{"start":{"line":113,"column":32},"end":{"line":118,"column":4}},"21":{"start":{"line":120,"column":29},"end":{"line":124,"column":3}},"22":{"start":{"line":120,"column":46},"end":{"line":124,"column":3}},"23":{"start":{"line":121,"column":23},"end":{"line":121,"column":66}},"24":{"start":{"line":122,"column":4},"end":{"line":122,"column":27}},"25":{"start":{"line":123,"column":4},"end":{"line":123,"column":31}},"26":{"start":{"line":126,"column":2},"end":{"line":212,"column":4}},"27":{"start":{"line":198,"column":27},"end":{"line":198,"column":51}},"28":{"start":{"line":109,"column":13},"end":{"line":109,"column":61}}},"fnMap":{"0":{"name":"(anonymous_1)","decl":{"start":{"line":45,"column":11},"end":{"line":45,"column":12}},"loc":{"start":{"line":45,"column":24},"end":{"line":54,"column":3}}},"1":{"name":"(anonymous_2)","decl":{"start":{"line":92,"column":11},"end":{"line":92,"column":12}},"loc":{"start":{"line":92,"column":26},"end":{"line":92,"column":37}}},"2":{"name":"(anonymous_3)","decl":{"start":{"line":94,"column":22},"end":{"line":94,"column":23}},"loc":{"start":{"line":94,"column":37},"end":{"line":94,"column":42}}},"3":{"name":"(anonymous_4)","decl":{"start":{"line":109,"column":61},"end":{"line":109,"column":62}},"loc":{"start":{"line":112,"column":5},"end":{"line":213,"column":1}}},"4":{"name":"(anonymous_5)","decl":{"start":{"line":120,"column":29},"end":{"line":120,"column":30}},"loc":{"start":{"line":120,"column":46},"end":{"line":124,"column":3}}},"5":{"name":"(anonymous_6)","decl":{"start":{"line":120,"column":46},"end":{"line":120,"column":47}},"loc":{"start":{"line":120,"column":93},"end":{"line":124,"column":3}}},"6":{"name":"(anonymous_7)","decl":{"start":{"line":198,"column":20},"end":{"line":198,"column":21}},"loc":{"start":{"line":198,"column":27},"end":{"line":198,"column":51}}}},"branchMap":{"0":{"loc":{"start":{"line":46,"column":4},"end":{"line":53,"column":5}},"type":"switch","locations":[{"start":{"line":47,"column":6},"end":{"line":48,"column":25}},{"start":{"line":49,"column":6},"end":{"line":50,"column":25}},{"start":{"line":51,"column":6},"end":{"line":52,"column":25}}]}},"s":{"0":0,"1":0,"2":0,"3":0,"4":0,"5":0,"6":0,"7":0,"8":0,"9":0,"10":0,"11":0,"12":0,"13":0,"14":0,"15":0,"16":0,"17":0,"18":0,"19":0,"20":0,"21":0,"22":0,"23":0,"24":0,"25":0,"26":0,"27":0,"28":0},"f":{"0":0,"1":0,"2":0,"3":0,"4":0,"5":0,"6":0},"b":{"0":[0,0,0]}}
,"/workspace/CyberSpace/src/components/network/NetworkToolbar.tsx": {"path":"/workspace/CyberSpace/src/components/network/NetworkToolbar.tsx","statementMap":{"0":{"start":{"line":2,"column":0},"end":{"line":2,"column":37}},"1":{"start":{"line":3,"column":0},"end":{"line":3,"column":56}},"2":{"start":{"line":4,"column":0},"end":{"line":4,"column":50}},"3":{"start":{"line":5,"column":0},"end":{"line":5,"column":44}},"4":{"start":{"line":8,"column":25},"end":{"line":18,"column":2}},"5":{"start":{"line":14,"column":25},"end":{"line":14,"column":60}},"6":{"start":{"line":17,"column":25},"end":{"line":17,"column":47}},"7":{"start":{"line":20,"column":16},"end":{"line":24,"column":2}},"8":{"start":{"line":22,"column":25},"end":{"line":22,"column":51}},"9":{"start":{"line":35,"column":61},"end":{"line":85,"column":1}},"10":{"start":{"line":43,"column":2},"end":{"line":84,"column":4}},"11":{"start":{"line":47,"column":25},"end":{"line":47,"column":47}},"12":{"start":{"line":55,"column":25},"end":{"line":55,"column":47}},"13":{"start":{"line":35,"column":13},"end":{"line":35,"column":61}}},"fnMap":{"0":{"name":"(anonymous_1)","decl":{"start":{"line":14,"column":16},"end":{"line":14,"column":21}},"loc":{"start":{"line":14,"column":25},"end":{"line":14,"column":60}}},"1":{"name":"(anonymous_2)","decl":{"start":{"line":17,"column":16},"end":{"line":17,"column":21}},"loc":{"start":{"line":17,"column":25},"end":{"line":17,"column":47}}},"2":{"name":"(anonymous_3)","decl":{"start":{"line":22,"column":16},"end":{"line":22,"column":21}},"loc":{"start":{"line":22,"column":25},"end":{"line":22,"column":51}}},"3":{"name":"(anonymous_4)","decl":{"start":{"line":35,"column":61},"end":{"line":35,"column":62}},"loc":{"start":{"line":42,"column":5},"end":{"line":85,"column":1}}},"4":{"name":"(anonymous_5)","decl":{"start":{"line":47,"column":19},"end":{"line":47,"column":22}},"loc":{"start":{"line":47,"column":25},"end":{"line":47,"column":47}}},"5":{"name":"(anonymous_6)","decl":{"start":{"line":55,"column":19},"end":{"line":55,"column":22}},"loc":{"start":{"line":55,"column":25},"end":{"line":55,"column":47}}}},"branchMap":{},"s":{"0":0,"1":0,"2":0,"3":0,"4":0,"5":0,"6":0,"7":0,"8":0,"9":0,"10":0,"11":0,"12":0,"13":0},"f":{"0":0,"1":0,"2":0,"3":0,"4":0,"5":0},"b":{}}
,"/workspace/CyberSpace/src/components/network/NetworkTooltip.tsx": {"path":"/workspace/CyberSpace/src/components/network/NetworkTooltip.tsx","statementMap":{"0":{"start":{"line":2,"column":0},"end":{"line":2,"column":37}},"1":{"start":{"line":9,"column":25},"end":{"line":21,"column":2}},"2":{"start":{"line":11,"column":19},"end":{"line":11,"column":27}},"3":{"start":{"line":12,"column":18},"end":{"line":12,"column":26}},"4":{"start":{"line":13,"column":25},"end":{"line":13,"column":60}},"5":{"start":{"line":16,"column":25},"end":{"line":16,"column":47}},"6":{"start":{"line":23,"column":21},"end":{"line":31,"column":2}},"7":{"start":{"line":30,"column":25},"end":{"line":30,"column":60}},"8":{"start":{"line":33,"column":23},"end":{"line":37,"column":2}},"9":{"start":{"line":39,"column":19},"end":{"line":43,"column":2}},"10":{"start":{"line":45,"column":21},"end":{"line":48,"column":2}},"11":{"start":{"line":46,"column":20},"end":{"line":46,"column":53}},"12":{"start":{"line":50,"column":21},"end":{"line":54,"column":2}},"13":{"start":{"line":51,"column":20},"end":{"line":51,"column":51}},"14":{"start":{"line":70,"column":61},"end":{"line":114,"column":1}},"15":{"start":{"line":75,"column":2},"end":{"line":113,"column":4}},"16":{"start":{"line":70,"column":13},"end":{"line":70,"column":61}}},"fnMap":{"0":{"name":"(anonymous_1)","decl":{"start":{"line":11,"column":10},"end":{"line":11,"column":15}},"loc":{"start":{"line":11,"column":19},"end":{"line":11,"column":27}}},"1":{"name":"(anonymous_2)","decl":{"start":{"line":12,"column":9},"end":{"line":12,"column":14}},"loc":{"start":{"line":12,"column":18},"end":{"line":12,"column":26}}},"2":{"name":"(anonymous_3)","decl":{"start":{"line":13,"column":16},"end":{"line":13,"column":21}},"loc":{"start":{"line":13,"column":25},"end":{"line":13,"column":60}}},"3":{"name":"(anonymous_4)","decl":{"start":{"line":16,"column":16},"end":{"line":16,"column":21}},"loc":{"start":{"line":16,"column":25},"end":{"line":16,"column":47}}},"4":{"name":"(anonymous_5)","decl":{"start":{"line":30,"column":16},"end":{"line":30,"column":21}},"loc":{"start":{"line":30,"column":25},"end":{"line":30,"column":60}}},"5":{"name":"(anonymous_6)","decl":{"start":{"line":46,"column":11},"end":{"line":46,"column":16}},"loc":{"start":{"line":46,"column":20},"end":{"line":46,"column":53}}},"6":{"name":"(anonymous_7)","decl":{"start":{"line":51,"column":11},"end":{"line":51,"column":16}},"loc":{"start":{"line":51,"column":20},"end":{"line":51,"column":51}}},"7":{"name":"(anonymous_8)","decl":{"start":{"line":70,"column":61},"end":{"line":70,"column":62}},"loc":{"start":{"line":74,"column":5},"end":{"line":114,"column":1}}}},"branchMap":{"0":{"loc":{"start":{"line":86,"column":9},"end":{"line":90,"column":null}},"type":"binary-expr","locations":[{"start":{"line":86,"column":9},"end":{"line":86,"column":20}},{"start":{"line":87,"column":10},"end":{"line":89,"column":null}}]},"1":{"loc":{"start":{"line":92,"column":9},"end":{"line":96,"column":null}},"type":"binary-expr","locations":[{"start":{"line":92,"column":9},"end":{"line":92,"column":20}},{"start":{"line":93,"column":10},"end":{"line":95,"column":null}}]},"2":{"loc":{"start":{"line":98,"column":9},"end":{"line":102,"column":null}},"type":"binary-expr","locations":[{"start":{"line":98,"column":9},"end":{"line":98,"column":19}},{"start":{"line":99,"column":10},"end":{"line":101,"column":null}}]},"3":{"loc":{"start":{"line":104,"column":9},"end":{"line":108,"column":null}},"type":"binary-expr","locations":[{"start":{"line":104,"column":9},"end":{"line":104,"column":19}},{"start":{"line":105,"column":10},"end":{"line":107,"column":null}}]}},"s":{"0":0,"1":0,"2":0,"3":0,"4":0,"5":0,"6":0,"7":0,"8":0,"9":0,"10":0,"11":0,"12":0,"13":0,"14":0,"15":0,"16":0},"f":{"0":0,"1":0,"2":0,"3":0,"4":0,"5":0,"6":0,"7":0},"b":{"0":[0,0],"1":[0,0],"2":[0,0],"3":[0,0]}}
,"/workspace/CyberSpace/src/components/ui/Avatar.tsx": {"path":"/workspace/CyberSpace/src/components/ui/Avatar.tsx","statementMap":{"0":{"start":{"line":2,"column":0},"end":{"line":2,"column":37}},"1":{"start":{"line":9,"column":24},"end":{"line":41,"column":2}},"2":{"start":{"line":14,"column":25},"end":{"line":14,"column":72}},"3":{"start":{"line":15,"column":20},"end":{"line":15,"column":59}},"4":{"start":{"line":20,"column":4},"end":{"line":39,"column":5}},"5":{"start":{"line":22,"column":8},"end":{"line":26,"column":10}},"6":{"start":{"line":28,"column":8},"end":{"line":32,"column":10}},"7":{"start":{"line":34,"column":8},"end":{"line":38,"column":10}},"8":{"start":{"line":43,"column":20},"end":{"line":47,"column":2}},"9":{"start":{"line":58,"column":45},"end":{"line":86,"column":1}},"10":{"start":{"line":66,"column":19},"end":{"line":71,"column":18}},"11":{"start":{"line":68,"column":17},"end":{"line":68,"column":24}},"12":{"start":{"line":73,"column":2},"end":{"line":85,"column":4}},"13":{"start":{"line":58,"column":13},"end":{"line":58,"column":45}}},"fnMap":{"0":{"name":"(anonymous_1)","decl":{"start":{"line":14,"column":16},"end":{"line":14,"column":21}},"loc":{"start":{"line":14,"column":25},"end":{"line":14,"column":72}}},"1":{"name":"(anonymous_2)","decl":{"start":{"line":15,"column":11},"end":{"line":15,"column":16}},"loc":{"start":{"line":15,"column":20},"end":{"line":15,"column":59}}},"2":{"name":"(anonymous_3)","decl":{"start":{"line":19,"column":4},"end":{"line":19,"column":9}},"loc":{"start":{"line":19,"column":12},"end":{"line":40,"column":3}}},"3":{"name":"(anonymous_4)","decl":{"start":{"line":58,"column":45},"end":{"line":58,"column":46}},"loc":{"start":{"line":65,"column":5},"end":{"line":86,"column":1}}},"4":{"name":"(anonymous_5)","decl":{"start":{"line":68,"column":9},"end":{"line":68,"column":13}},"loc":{"start":{"line":68,"column":17},"end":{"line":68,"column":24}}}},"branchMap":{"0":{"loc":{"start":{"line":14,"column":25},"end":{"line":14,"column":72}},"type":"binary-expr","locations":[{"start":{"line":14,"column":25},"end":{"line":14,"column":37}},{"start":{"line":14,"column":41},"end":{"line":14,"column":72}}]},"1":{"loc":{"start":{"line":20,"column":4},"end":{"line":39,"column":5}},"type":"switch","locations":[{"start":{"line":21,"column":6},"end":{"line":26,"column":10}},{"start":{"line":27,"column":6},"end":{"line":32,"column":10}},{"start":{"line":33,"column":6},"end":{"line":38,"column":10}}]},"2":{"loc":{"start":{"line":79,"column":7},"end":{"line":82,"column":null}},"type":"cond-expr","locations":[{"start":{"line":80,"column":8},"end":{"line":80,"column":57}},{"start":{"line":82,"column":8},"end":{"line":82,"column":23}}]},"3":{"loc":{"start":{"line":80,"column":36},"end":{"line":80,"column":53}},"type":"binary-expr","locations":[{"start":{"line":80,"column":36},"end":{"line":80,"column":39}},{"start":{"line":80,"column":43},"end":{"line":80,"column":47}},{"start":{"line":80,"column":51},"end":{"line":80,"column":53}}]},"4":{"loc":{"start":{"line":82,"column":8},"end":{"line":82,"column":23}},"type":"binary-expr","locations":[{"start":{"line":82,"column":8},"end":{"line":82,"column":16}},{"start":{"line":82,"column":20},"end":{"line":82,"column":23}}]}},"s":{"0":0,"1":0,"2":0,"3":0,"4":0,"5":0,"6":0,"7":0,"8":0,"9":0,"10":0,"11":0,"12":0,"13":0},"f":{"0":0,"1":0,"2":0,"3":0,"4":0},"b":{"0":[0,0],"1":[0,0,0],"2":[0,0],"3":[0,0,0],"4":[0,0]}}
,"/workspace/CyberSpace/src/components/ui/Badge.tsx": {"path":"/workspace/CyberSpace/src/components/ui/Badge.tsx","statementMap":{"0":{"start":{"line":2,"column":0},"end":{"line":2,"column":37}},"1":{"start":{"line":3,"column":0},"end":{"line":3,"column":37}},"2":{"start":{"line":20,"column":23},"end":{"line":71,"column":2}},"3":{"start":{"line":27,"column":40},"end":{"line":71,"column":2}},"4":{"start":{"line":73,"column":23},"end":{"line":78,"column":2}},"5":{"start":{"line":80,"column":21},"end":{"line":82,"column":2}},"6":{"start":{"line":81,"column":13},"end":{"line":81,"column":34}},"7":{"start":{"line":91,"column":43},"end":{"line":121,"column":1}},"8":{"start":{"line":100,"column":20},"end":{"line":102,"column":null}},"9":{"start":{"line":105,"column":23},"end":{"line":107,"column":18}},"10":{"start":{"line":109,"column":2},"end":{"line":120,"column":4}},"11":{"start":{"line":91,"column":13},"end":{"line":91,"column":43}}},"fnMap":{"0":{"name":"(anonymous_1)","decl":{"start":{"line":20,"column":23},"end":{"line":20,"column":24}},"loc":{"start":{"line":27,"column":40},"end":{"line":71,"column":2}}},"1":{"name":"(anonymous_2)","decl":{"start":{"line":81,"column":4},"end":{"line":81,"column":9}},"loc":{"start":{"line":81,"column":13},"end":{"line":81,"column":34}}},"2":{"name":"(anonymous_3)","decl":{"start":{"line":91,"column":43},"end":{"line":91,"column":44}},"loc":{"start":{"line":99,"column":5},"end":{"line":121,"column":1}}}},"branchMap":{"0":{"loc":{"start":{"line":21,"column":2},"end":{"line":21,"column":19}},"type":"default-arg","locations":[{"start":{"line":21,"column":10},"end":{"line":21,"column":19}}]},"1":{"loc":{"start":{"line":22,"column":2},"end":{"line":22,"column":22}},"type":"default-arg","locations":[{"start":{"line":22,"column":12},"end":{"line":22,"column":22}}]},"2":{"loc":{"start":{"line":23,"column":2},"end":{"line":23,"column":57}},"type":"default-arg","locations":[{"start":{"line":23,"column":17},"end":{"line":23,"column":57}}]},"3":{"loc":{"start":{"line":24,"column":2},"end":{"line":24,"column":19}},"type":"default-arg","locations":[{"start":{"line":24,"column":14},"end":{"line":24,"column":19}}]},"4":{"loc":{"start":{"line":25,"column":2},"end":{"line":25,"column":25}},"type":"default-arg","locations":[{"start":{"line":25,"column":12},"end":{"line":25,"column":25}}]},"5":{"loc":{"start":{"line":37,"column":13},"end":{"line":37,"column":30}},"type":"cond-expr","locations":[{"start":{"line":37,"column":25},"end":{"line":37,"column":26}},{"start":{"line":37,"column":29},"end":{"line":37,"column":30}}]},"6":{"loc":{"start":{"line":38,"column":21},"end":{"line":38,"column":38}},"type":"cond-expr","locations":[{"start":{"line":38,"column":33},"end":{"line":38,"column":34}},{"start":{"line":38,"column":37},"end":{"line":38,"column":38}}]},"7":{"loc":{"start":{"line":41,"column":4},"end":{"line":49,"column":null}},"type":"binary-expr","locations":[{"start":{"line":41,"column":4},"end":{"line":41,"column":26}},{"start":{"line":41,"column":30},"end":{"line":49,"column":null}}]},"8":{"loc":{"start":{"line":51,"column":4},"end":{"line":57,"column":null}},"type":"binary-expr","locations":[{"start":{"line":51,"column":4},"end":{"line":51,"column":21}},{"start":{"line":51,"column":25},"end":{"line":57,"column":null}}]},"9":{"loc":{"start":{"line":59,"column":4},"end":{"line":61,"column":null}},"type":"binary-expr","locations":[{"start":{"line":59,"column":4},"end":{"line":59,"column":35}},{"start":{"line":59,"column":39},"end":{"line":61,"column":null}}]},"10":{"loc":{"start":{"line":60,"column":11},"end":{"line":60,"column":45}},"type":"cond-expr","locations":[{"start":{"line":60,"column":39},"end":{"line":60,"column":41}},{"start":{"line":60,"column":44},"end":{"line":60,"column":45}}]},"11":{"loc":{"start":{"line":62,"column":4},"end":{"line":64,"column":null}},"type":"binary-expr","locations":[{"start":{"line":62,"column":4},"end":{"line":62,"column":38}},{"start":{"line":62,"column":42},"end":{"line":64,"column":null}}]},"12":{"loc":{"start":{"line":63,"column":14},"end":{"line":63,"column":48}},"type":"cond-expr","locations":[{"start":{"line":63,"column":42},"end":{"line":63,"column":44}},{"start":{"line":63,"column":47},"end":{"line":63,"column":48}}]},"13":{"loc":{"start":{"line":65,"column":4},"end":{"line":67,"column":null}},"type":"binary-expr","locations":[{"start":{"line":65,"column":4},"end":{"line":65,"column":38}},{"start":{"line":65,"column":42},"end":{"line":67,"column":null}}]},"14":{"loc":{"start":{"line":66,"column":12},"end":{"line":66,"column":46}},"type":"cond-expr","locations":[{"start":{"line":66,"column":40},"end":{"line":66,"column":42}},{"start":{"line":66,"column":45},"end":{"line":66,"column":46}}]},"15":{"loc":{"start":{"line":68,"column":4},"end":{"line":70,"column":null}},"type":"binary-expr","locations":[{"start":{"line":68,"column":4},"end":{"line":68,"column":39}},{"start":{"line":68,"column":43},"end":{"line":70,"column":null}}]},"16":{"loc":{"start":{"line":69,"column":13},"end":{"line":69,"column":47}},"type":"cond-expr","locations":[{"start":{"line":69,"column":41},"end":{"line":69,"column":43}},{"start":{"line":69,"column":46},"end":{"line":69,"column":47}}]},"17":{"loc":{"start":{"line":94,"column":2},"end":{"line":94,"column":10}},"type":"default-arg","locations":[{"start":{"line":94,"column":8},"end":{"line":94,"column":10}}]},"18":{"loc":{"start":{"line":95,"column":2},"end":{"line":95,"column":18}},"type":"default-arg","locations":[{"start":{"line":95,"column":13},"end":{"line":95,"column":18}}]},"19":{"loc":{"start":{"line":96,"column":2},"end":{"line":96,"column":22}},"type":"default-arg","locations":[{"start":{"line":96,"column":12},"end":{"line":96,"column":22}}]},"20":{"loc":{"start":{"line":100,"column":20},"end":{"line":102,"column":null}},"type":"binary-expr","locations":[{"start":{"line":100,"column":20},"end":{"line":100,"column":33}},{"start":{"line":101,"column":5},"end":{"line":101,"column":23}},{"start":{"line":101,"column":27},"end":{"line":101,"column":36}},{"start":{"line":102,"column":5},"end":{"line":102,"column":25}},{"start":{"line":102,"column":29},"end":{"line":102,"column":46}}]},"21":{"loc":{"start":{"line":105,"column":23},"end":{"line":107,"column":18}},"type":"cond-expr","locations":[{"start":{"line":106,"column":6},"end":{"line":106,"column":15}},{"start":{"line":107,"column":6},"end":{"line":107,"column":18}}]},"22":{"loc":{"start":{"line":105,"column":23},"end":{"line":105,"column":103}},"type":"binary-expr","locations":[{"start":{"line":105,"column":23},"end":{"line":105,"column":45}},{"start":{"line":105,"column":49},"end":{"line":105,"column":81}},{"start":{"line":105,"column":85},"end":{"line":105,"column":103}}]},"23":{"loc":{"start":{"line":117,"column":9},"end":{"line":117,"column":53}},"type":"cond-expr","locations":[{"start":{"line":117,"column":34},"end":{"line":117,"column":46}},{"start":{"line":117,"column":49},"end":{"line":117,"column":53}}]}},"s":{"0":0,"1":0,"2":0,"3":0,"4":0,"5":0,"6":0,"7":0,"8":0,"9":0,"10":0,"11":0},"f":{"0":0,"1":0,"2":0},"b":{"0":[0],"1":[0],"2":[0],"3":[0],"4":[0],"5":[0,0],"6":[0,0],"7":[0,0],"8":[0,0],"9":[0,0],"10":[0,0],"11":[0,0],"12":[0,0],"13":[0,0],"14":[0,0],"15":[0,0],"16":[0,0],"17":[0],"18":[0],"19":[0],"20":[0,0,0,0,0],"21":[0,0],"22":[0,0,0],"23":[0,0]}}
,"/workspace/CyberSpace/src/components/ui/Button.tsx": {"path":"/workspace/CyberSpace/src/components/ui/Button.tsx","statementMap":{"0":{"start":{"line":2,"column":0},"end":{"line":2,"column":37}},"1":{"start":{"line":3,"column":0},"end":{"line":3,"column":37}},"2":{"start":{"line":17,"column":24},"end":{"line":90,"column":2}},"3":{"start":{"line":24,"column":41},"end":{"line":90,"column":2}},"4":{"start":{"line":92,"column":21},"end":{"line":94,"column":2}},"5":{"start":{"line":93,"column":13},"end":{"line":93,"column":35}},"6":{"start":{"line":106,"column":45},"end":{"line":142,"column":1}},"7":{"start":{"line":118,"column":2},"end":{"line":141,"column":4}},"8":{"start":{"line":106,"column":13},"end":{"line":106,"column":45}}},"fnMap":{"0":{"name":"(anonymous_1)","decl":{"start":{"line":17,"column":24},"end":{"line":17,"column":25}},"loc":{"start":{"line":24,"column":41},"end":{"line":90,"column":2}}},"1":{"name":"(anonymous_2)","decl":{"start":{"line":93,"column":4},"end":{"line":93,"column":9}},"loc":{"start":{"line":93,"column":13},"end":{"line":93,"column":35}}},"2":{"name":"(anonymous_3)","decl":{"start":{"line":106,"column":45},"end":{"line":106,"column":46}},"loc":{"start":{"line":117,"column":5},"end":{"line":142,"column":1}}}},"branchMap":{"0":{"loc":{"start":{"line":18,"column":2},"end":{"line":18,"column":24}},"type":"default-arg","locations":[{"start":{"line":18,"column":13},"end":{"line":18,"column":24}}]},"1":{"loc":{"start":{"line":19,"column":2},"end":{"line":19,"column":20}},"type":"default-arg","locations":[{"start":{"line":19,"column":11},"end":{"line":19,"column":20}}]},"2":{"loc":{"start":{"line":20,"column":2},"end":{"line":20,"column":18}},"type":"default-arg","locations":[{"start":{"line":20,"column":10},"end":{"line":20,"column":18}}]},"3":{"loc":{"start":{"line":21,"column":2},"end":{"line":21,"column":20}},"type":"default-arg","locations":[{"start":{"line":21,"column":15},"end":{"line":21,"column":20}}]},"4":{"loc":{"start":{"line":22,"column":2},"end":{"line":22,"column":19}},"type":"default-arg","locations":[{"start":{"line":22,"column":14},"end":{"line":22,"column":19}}]},"5":{"loc":{"start":{"line":31,"column":12},"end":{"line":31,"column":49}},"type":"cond-expr","locations":[{"start":{"line":31,"column":24},"end":{"line":31,"column":37}},{"start":{"line":31,"column":40},"end":{"line":31,"column":49}}]},"6":{"loc":{"start":{"line":36,"column":11},"end":{"line":36,"column":39}},"type":"cond-expr","locations":[{"start":{"line":36,"column":24},"end":{"line":36,"column":30}},{"start":{"line":36,"column":33},"end":{"line":36,"column":39}}]},"7":{"loc":{"start":{"line":37,"column":13},"end":{"line":37,"column":32}},"type":"cond-expr","locations":[{"start":{"line":37,"column":25},"end":{"line":37,"column":28}},{"start":{"line":37,"column":31},"end":{"line":37,"column":32}}]},"8":{"loc":{"start":{"line":40,"column":4},"end":{"line":43,"column":null}},"type":"binary-expr","locations":[{"start":{"line":40,"column":4},"end":{"line":40,"column":21}},{"start":{"line":40,"column":25},"end":{"line":43,"column":null}}]},"9":{"loc":{"start":{"line":44,"column":4},"end":{"line":47,"column":null}},"type":"binary-expr","locations":[{"start":{"line":44,"column":4},"end":{"line":44,"column":22}},{"start":{"line":44,"column":26},"end":{"line":47,"column":null}}]},"10":{"loc":{"start":{"line":48,"column":4},"end":{"line":51,"column":null}},"type":"binary-expr","locations":[{"start":{"line":48,"column":4},"end":{"line":48,"column":21}},{"start":{"line":48,"column":25},"end":{"line":51,"column":null}}]},"11":{"loc":{"start":{"line":54,"column":4},"end":{"line":61,"column":null}},"type":"binary-expr","locations":[{"start":{"line":54,"column":4},"end":{"line":54,"column":28}},{"start":{"line":54,"column":32},"end":{"line":61,"column":null}}]},"12":{"loc":{"start":{"line":62,"column":4},"end":{"line":70,"column":null}},"type":"binary-expr","locations":[{"start":{"line":62,"column":4},"end":{"line":62,"column":27}},{"start":{"line":62,"column":31},"end":{"line":70,"column":null}}]},"13":{"loc":{"start":{"line":71,"column":4},"end":{"line":80,"column":null}},"type":"binary-expr","locations":[{"start":{"line":71,"column":4},"end":{"line":71,"column":23}},{"start":{"line":71,"column":27},"end":{"line":80,"column":null}}]},"14":{"loc":{"start":{"line":124,"column":17},"end":{"line":124,"column":36}},"type":"binary-expr","locations":[{"start":{"line":124,"column":17},"end":{"line":124,"column":24}},{"start":{"line":124,"column":28},"end":{"line":124,"column":36}}]},"15":{"loc":{"start":{"line":125,"column":16},"end":{"line":125,"column":35}},"type":"binary-expr","locations":[{"start":{"line":125,"column":16},"end":{"line":125,"column":23}},{"start":{"line":125,"column":27},"end":{"line":125,"column":35}}]},"16":{"loc":{"start":{"line":128,"column":7},"end":{"line":138,"column":null}},"type":"cond-expr","locations":[{"start":{"line":129,"column":8},"end":{"line":131,"column":null}},{"start":{"line":134,"column":8},"end":{"line":137,"column":null}}]}},"s":{"0":0,"1":0,"2":0,"3":0,"4":0,"5":0,"6":0,"7":0,"8":0},"f":{"0":0,"1":0,"2":0},"b":{"0":[0],"1":[0],"2":[0],"3":[0],"4":[0],"5":[0,0],"6":[0,0],"7":[0,0],"8":[0,0],"9":[0,0],"10":[0,0],"11":[0,0],"12":[0,0],"13":[0,0],"14":[0,0],"15":[0,0],"16":[0,0]}}
,"/workspace/CyberSpace/src/components/ui/DebugOverlay.tsx": {"path":"/workspace/CyberSpace/src/components/ui/DebugOverlay.tsx","statementMap":{"0":{"start":{"line":2,"column":0},"end":{"line":2,"column":37}},"1":{"start":{"line":4,"column":18},"end":{"line":11,"column":2}},"2":{"start":{"line":13,"column":15},"end":{"line":25,"column":2}},"3":{"start":{"line":32,"column":57},"end":{"line":39,"column":1}},"4":{"start":{"line":33,"column":2},"end":{"line":38,"column":4}},"5":{"start":{"line":32,"column":13},"end":{"line":32,"column":57}}},"fnMap":{"0":{"name":"(anonymous_1)","decl":{"start":{"line":32,"column":57},"end":{"line":32,"column":58}},"loc":{"start":{"line":32,"column":79},"end":{"line":39,"column":1}}}},"branchMap":{},"s":{"0":0,"1":0,"2":0,"3":0,"4":0,"5":0},"f":{"0":0},"b":{}}
,"/workspace/CyberSpace/src/components/ui/ErrorScreen.tsx": {"path":"/workspace/CyberSpace/src/components/ui/ErrorScreen.tsx","statementMap":{"0":{"start":{"line":2,"column":0},"end":{"line":2,"column":37}},"1":{"start":{"line":4,"column":18},"end":{"line":16,"column":2}},"2":{"start":{"line":18,"column":21},"end":{"line":22,"column":2}},"3":{"start":{"line":28,"column":55},"end":{"line":34,"column":1}},"4":{"start":{"line":29,"column":2},"end":{"line":33,"column":4}},"5":{"start":{"line":28,"column":13},"end":{"line":28,"column":55}}},"fnMap":{"0":{"name":"(anonymous_1)","decl":{"start":{"line":28,"column":55},"end":{"line":28,"column":56}},"loc":{"start":{"line":28,"column":69},"end":{"line":34,"column":1}}}},"branchMap":{},"s":{"0":0,"1":0,"2":0,"3":0,"4":0,"5":0},"f":{"0":0},"b":{}}
,"/workspace/CyberSpace/src/components/ui/Icon.tsx": {"path":"/workspace/CyberSpace/src/components/ui/Icon.tsx","statementMap":{"0":{"start":{"line":2,"column":0},"end":{"line":2,"column":37}},"1":{"start":{"line":9,"column":20},"end":{"line":35,"column":2}},"2":{"start":{"line":14,"column":4},"end":{"line":21,"column":5}},"3":{"start":{"line":16,"column":8},"end":{"line":16,"column":22}},"4":{"start":{"line":18,"column":8},"end":{"line":18,"column":22}},"5":{"start":{"line":20,"column":8},"end":{"line":20,"column":22}},"6":{"start":{"line":24,"column":4},"end":{"line":31,"column":5}},"7":{"start":{"line":26,"column":8},"end":{"line":26,"column":22}},"8":{"start":{"line":28,"column":8},"end":{"line":28,"column":22}},"9":{"start":{"line":30,"column":8},"end":{"line":30,"column":22}},"10":{"start":{"line":33,"column":20},"end":{"line":33,"column":44}},"11":{"start":{"line":42,"column":41},"end":{"line":57,"column":1}},"12":{"start":{"line":48,"column":2},"end":{"line":56,"column":4}},"13":{"start":{"line":42,"column":13},"end":{"line":42,"column":41}}},"fnMap":{"0":{"name":"(anonymous_1)","decl":{"start":{"line":13,"column":11},"end":{"line":13,"column":16}},"loc":{"start":{"line":13,"column":19},"end":{"line":22,"column":3}}},"1":{"name":"(anonymous_2)","decl":{"start":{"line":23,"column":12},"end":{"line":23,"column":17}},"loc":{"start":{"line":23,"column":20},"end":{"line":32,"column":3}}},"2":{"name":"(anonymous_3)","decl":{"start":{"line":33,"column":11},"end":{"line":33,"column":16}},"loc":{"start":{"line":33,"column":20},"end":{"line":33,"column":44}}},"3":{"name":"(anonymous_4)","decl":{"start":{"line":42,"column":41},"end":{"line":42,"column":42}},"loc":{"start":{"line":47,"column":5},"end":{"line":57,"column":1}}}},"branchMap":{"0":{"loc":{"start":{"line":14,"column":4},"end":{"line":21,"column":5}},"type":"switch","locations":[{"start":{"line":15,"column":6},"end":{"line":16,"column":22}},{"start":{"line":17,"column":6},"end":{"line":18,"column":22}},{"start":{"line":19,"column":6},"end":{"line":20,"column":22}}]},"1":{"loc":{"start":{"line":24,"column":4},"end":{"line":31,"column":5}},"type":"switch","locations":[{"start":{"line":25,"column":6},"end":{"line":26,"column":22}},{"start":{"line":27,"column":6},"end":{"line":28,"column":22}},{"start":{"line":29,"column":6},"end":{"line":30,"column":22}}]},"2":{"loc":{"start":{"line":33,"column":20},"end":{"line":33,"column":44}},"type":"binary-expr","locations":[{"start":{"line":33,"column":20},"end":{"line":33,"column":31}},{"start":{"line":33,"column":35},"end":{"line":33,"column":44}}]},"3":{"loc":{"start":{"line":44,"column":2},"end":{"line":44,"column":17}},"type":"default-arg","locations":[{"start":{"line":44,"column":9},"end":{"line":44,"column":17}}]},"4":{"loc":{"start":{"line":52,"column":35},"end":{"line":52,"column":50}},"type":"binary-expr","locations":[{"start":{"line":52,"column":35},"end":{"line":52,"column":44}},{"start":{"line":52,"column":48},"end":{"line":52,"column":50}}]}},"s":{"0":0,"1":0,"2":0,"3":0,"4":0,"5":0,"6":0,"7":0,"8":0,"9":0,"10":0,"11":0,"12":0,"13":0},"f":{"0":0,"1":0,"2":0,"3":0},"b":{"0":[0,0,0],"1":[0,0,0],"2":[0,0],"3":[0],"4":[0,0]}}
,"/workspace/CyberSpace/src/components/ui/IconButton.tsx": {"path":"/workspace/CyberSpace/src/components/ui/IconButton.tsx","statementMap":{"0":{"start":{"line":2,"column":0},"end":{"line":2,"column":37}},"1":{"start":{"line":3,"column":0},"end":{"line":3,"column":37}},"2":{"start":{"line":13,"column":28},"end":{"line":60,"column":2}},"3":{"start":{"line":19,"column":45},"end":{"line":60,"column":2}},"4":{"start":{"line":62,"column":25},"end":{"line":64,"column":2}},"5":{"start":{"line":63,"column":13},"end":{"line":63,"column":39}},"6":{"start":{"line":73,"column":53},"end":{"line":93,"column":1}},"7":{"start":{"line":81,"column":2},"end":{"line":92,"column":4}},"8":{"start":{"line":73,"column":13},"end":{"line":73,"column":53}}},"fnMap":{"0":{"name":"(anonymous_1)","decl":{"start":{"line":13,"column":28},"end":{"line":13,"column":29}},"loc":{"start":{"line":19,"column":45},"end":{"line":60,"column":2}}},"1":{"name":"(anonymous_2)","decl":{"start":{"line":63,"column":4},"end":{"line":63,"column":9}},"loc":{"start":{"line":63,"column":13},"end":{"line":63,"column":39}}},"2":{"name":"(anonymous_3)","decl":{"start":{"line":73,"column":53},"end":{"line":73,"column":54}},"loc":{"start":{"line":80,"column":5},"end":{"line":93,"column":1}}}},"branchMap":{"0":{"loc":{"start":{"line":14,"column":2},"end":{"line":14,"column":20}},"type":"default-arg","locations":[{"start":{"line":14,"column":11},"end":{"line":14,"column":20}}]},"1":{"loc":{"start":{"line":15,"column":2},"end":{"line":15,"column":18}},"type":"default-arg","locations":[{"start":{"line":15,"column":10},"end":{"line":15,"column":18}}]},"2":{"loc":{"start":{"line":16,"column":2},"end":{"line":16,"column":17}},"type":"default-arg","locations":[{"start":{"line":16,"column":12},"end":{"line":16,"column":17}}]},"3":{"loc":{"start":{"line":17,"column":2},"end":{"line":17,"column":19}},"type":"default-arg","locations":[{"start":{"line":17,"column":14},"end":{"line":17,"column":19}}]},"4":{"loc":{"start":{"line":25,"column":12},"end":{"line":25,"column":49}},"type":"cond-expr","locations":[{"start":{"line":25,"column":24},"end":{"line":25,"column":37}},{"start":{"line":25,"column":40},"end":{"line":25,"column":49}}]},"5":{"loc":{"start":{"line":26,"column":16},"end":{"line":26,"column":74}},"type":"cond-expr","locations":[{"start":{"line":26,"column":26},"end":{"line":26,"column":58}},{"start":{"line":26,"column":61},"end":{"line":26,"column":74}}]},"6":{"loc":{"start":{"line":29,"column":13},"end":{"line":29,"column":32}},"type":"cond-expr","locations":[{"start":{"line":29,"column":25},"end":{"line":29,"column":28}},{"start":{"line":29,"column":31},"end":{"line":29,"column":32}}]},"7":{"loc":{"start":{"line":32,"column":4},"end":{"line":36,"column":null}},"type":"binary-expr","locations":[{"start":{"line":32,"column":4},"en
[...]
3}}},"2":{"name":"(anonymous_2)","decl":{"start":{"line":22,"column":9},"end":{"line":22,"column":25}},"loc":{"start":{"line":22,"column":52},"end":{"line":24,"column":3}}},"3":{"name":"(anonymous_3)","decl":{"start":{"line":26,"column":9},"end":{"line":26,"column":23}},"loc":{"start":{"line":26,"column":36},"end":{"line":28,"column":3}}},"4":{"name":"(anonymous_4)","decl":{"start":{"line":30,"column":9},"end":{"line":30,"column":14}},"loc":{"start":{"line":30,"column":35},"end":{"line":43,"column":3}}},"5":{"name":"(anonymous_5)","decl":{"start":{"line":45,"column":10},"end":{"line":45,"column":35}},"loc":{"start":{"line":45,"column":35},"end":{"line":103,"column":3}}},"6":{"name":"(anonymous_6)","decl":{"start":{"line":49,"column":17},"end":{"line":49,"column":18}},"loc":{"start":{"line":49,"column":28},"end":{"line":49,"column":96}}},"7":{"name":"(anonymous_7)","decl":{"start":{"line":50,"column":14},"end":{"line":50,"column":19}},"loc":{"start":{"line":50,"column":25},"end":{"line":67,"column":7}}},"8":{"name":"(anonymous_8)","decl":{"start":{"line":58,"column":30},"end":{"line":58,"column":37}},"loc":{"start":{"line":58,"column":41},"end":{"line":58,"column":92}}},"9":{"name":"(anonymous_9)","decl":{"start":{"line":73,"column":17},"end":{"line":73,"column":18}},"loc":{"start":{"line":73,"column":28},"end":{"line":73,"column":99}}},"10":{"name":"(anonymous_10)","decl":{"start":{"line":74,"column":14},"end":{"line":74,"column":19}},"loc":{"start":{"line":74,"column":25},"end":{"line":83,"column":7}}},"11":{"name":"(anonymous_11)","decl":{"start":{"line":89,"column":17},"end":{"line":89,"column":18}},"loc":{"start":{"line":89,"column":28},"end":{"line":89,"column":99}}},"12":{"name":"(anonymous_12)","decl":{"start":{"line":90,"column":14},"end":{"line":90,"column":19}},"loc":{"start":{"line":90,"column":25},"end":{"line":101,"column":7}}}},"branchMap":{"0":{"loc":{"start":{"line":16,"column":4},"end":{"line":18,"column":5}},"type":"if","locations":[{"start":{"line":16,"column":4},"end":{"line":18,"column":5}}]},"1":{"loc":{"start":{"line":32,"column":6},"end":{"line":39,"column":7}},"type":"if","locations":[{"start":{"line":32,"column":6},"end":{"line":39,"column":7}}]},"2":{"loc":{"start":{"line":49,"column":28},"end":{"line":49,"column":96}},"type":"binary-expr","locations":[{"start":{"line":49,"column":28},"end":{"line":49,"column":61}},{"start":{"line":49,"column":65},"end":{"line":49,"column":96}}]},"3":{"loc":{"start":{"line":62,"column":12},"end":{"line":64,"column":13}},"type":"if","locations":[{"start":{"line":62,"column":12},"end":{"line":64,"column":13}}]},"4":{"loc":{"start":{"line":73,"column":28},"end":{"line":73,"column":99}},"type":"binary-expr","locations":[{"start":{"line":73,"column":28},"end":{"line":73,"column":62}},{"start":{"line":73,"column":66},"end":{"line":73,"column":99}}]},"5":{"loc":{"start":{"line":89,"column":28},"end":{"line":89,"column":99}},"type":"binary-expr","locations":[{"start":{"line":89,"column":28},"end":{"line":89,"column":59}},{"start":{"line":89,"column":63},"end":{"line":89,"column":99}}]}},"s":{"0":1,"1":1,"2":10,"3":1,"4":10,"5":7,"6":1,"7":7,"8":21,"9":6,"10":6,"11":5,"12":1,"13":2,"14":1,"15":7,"16":1,"17":1,"18":1,"19":1,"20":1,"21":1,"22":1,"23":0,"24":0,"25":0,"26":1,"27":6,"28":1,"29":1,"30":1,"31":0,"32":1,"33":5,"34":1,"35":1,"36":1,"37":1,"38":0,"39":1,"40":1},"f":{"0":1,"1":10,"2":7,"3":1,"4":7,"5":1,"6":7,"7":1,"8":1,"9":6,"10":1,"11":5,"12":1},"b":{"0":[1],"1":[6],"2":[7,6],"3":[0],"4":[6,5],"5":[5,4]}}
,"/workspace/CyberSpace/src/services/notifications/NotificationSystem.ts": {"path":"/workspace/CyberSpace/src/services/notifications/NotificationSystem.ts","statementMap":{"0":{"start":{"line":1,"column":0},"end":{"line":1,"column":52}},"1":{"start":{"line":22,"column":4},"end":{"line":22,"column":12}},"2":{"start":{"line":18,"column":10},"end":{"line":18,"column":null}},"3":{"start":{"line":19,"column":10},"end":{"line":19,"column":null}},"4":{"start":{"line":23,"column":4},"end":{"line":23,"column":35}},"5":{"start":{"line":24,"column":4},"end":{"line":24,"column":23}},"6":{"start":{"line":28,"column":4},"end":{"line":28,"column":29}},"7":{"start":{"line":32,"column":4},"end":{"line":32,"column":31}},"8":{"start":{"line":33,"column":4},"end":{"line":33,"column":29}},"9":{"start":{"line":37,"column":15},"end":{"line":37,"column":49}},"10":{"start":{"line":38,"column":43},"end":{"line":42,"column":6}},"11":{"start":{"line":44,"column":4},"end":{"line":44,"column":49}},"12":{"start":{"line":45,"column":4},"end":{"line":45,"column":48}},"13":{"start":{"line":47,"column":4},"end":{"line":51,"column":5}},"14":{"start":{"line":48,"column":6},"end":{"line":50,"column":32}},"15":{"start":{"line":49,"column":8},"end":{"line":49,"column":25}},"16":{"start":{"line":53,"column":4},"end":{"line":53,"column":14}},"17":{"start":{"line":57,"column":4},"end":{"line":62,"column":7}},"18":{"start":{"line":66,"column":4},"end":{"line":71,"column":7}},"19":{"start":{"line":75,"column":4},"end":{"line":80,"column":7}},"20":{"start":{"line":84,"column":4},"end":{"line":89,"column":7}},"21":{"start":{"line":93,"column":25},"end":{"line":93,"column":51}},"22":{"start":{"line":94,"column":4},"end":{"line":98,"column":5}},"23":{"start":{"line":95,"column":6},"end":{"line":95,"column":36}},"24":{"start":{"line":96,"column":6},"end":{"line":96,"column":41}},"25":{"start":{"line":97,"column":6},"end":{"line":97,"column":18}},"26":{"start":{"line":99,"column":4},"end":{"line":99,"column":17}},"27":{"start":{"line":103,"column":26},"end":{"line":103,"column":65}},"28":{"start":{"line":104,"column":4},"end":{"line":104,"column":31}},"29":{"start":{"line":105,"column":4},"end":{"line":107,"column":7}},"30":{"start":{"line":106,"column":6},"end":{"line":106,"column":41}},"31":{"start":{"line":111,"column":4},"end":{"line":111,"column":38}},"32":{"start":{"line":115,"column":4},"end":{"line":117,"column":6}},"33":{"start":{"line":116,"column":16},"end":{"line":116,"column":41}},"34":{"start":{"line":121,"column":4},"end":{"line":121,"column":31}},"35":{"start":{"line":122,"column":4},"end":{"line":122,"column":23}},"36":{"start":{"line":17,"column":0},"end":{"line":17,"column":13}}},"fnMap":{"0":{"name":"(anonymous_0)","decl":{"start":{"line":21,"column":2},"end":{"line":21,"column":null}},"loc":{"start":{"line":21,"column":2},"end":{"line":25,"column":3}}},"1":{"name":"(anonymous_1)","decl":{"start":{"line":27,"column":2},"end":{"line":27,"column":12}},"loc":{"start":{"line":27,"column":12},"end":{"line":29,"column":3}}},"2":{"name":"(anonymous_2)","decl":{"start":{"line":31,"column":2},"end":{"line":31,"column":10}},"loc":{"start":{"line":31,"column":10},"end":{"line":34,"column":3}}},"3":{"name":"(anonymous_3)","decl":{"start":{"line":36,"column":2},"end":{"line":36,"column":6}},"loc":{"start":{"line":36,"column":59},"end":{"line":54,"column":3}}},"4":{"name":"(anonymous_4)","decl":{"start":{"line":48,"column":17},"end":{"line":48,"column":20}},"loc":{"start":{"line":48,"column":22},"end":{"line":50,"column":7}}},"5":{"name":"(anonymous_5)","decl":{"start":{"line":56,"column":2},"end":{"line":56,"column":6}},"loc":{"start":{"line":56,"column":74},"end":{"line":63,"column":3}}},"6":{"name":"(anonymous_6)","decl":{"start":{"line":65,"column":2},"end":{"line":65,"column":9}},"loc":{"start":{"line":65,"column":77},"end":{"line":72,"column":3}}},"7":{"name":"(anonymous_7)","decl":{"start":{"line":74,"column":2},"end":{"line":74,"column":9}},"loc":{"start":{"line":74,"column":77},"end":{"line":81,"column":3}}},"8":{"name":"(anonymous_8)","decl":{"start":{"line":83,"column":2},"end":{"line":83,"column":7}},"loc":{"start":{"line":83,"column":75},"end":{"line":90,"column":3}}},"9":{"name":"(anonymous_9)","decl":{"start":{"line":92,"column":2},"end":{"line":92,"column":9}},"loc":{"start":{"line":92,"column":20},"end":{"line":100,"column":3}}},"10":{"name":"(anonymous_10)","decl":{"start":{"line":102,"column":2},"end":{"line":102,"column":12}},"loc":{"start":{"line":102,"column":12},"end":{"line":108,"column":3}}},"11":{"name":"(anonymous_11)","decl":{"start":{"line":105,"column":26},"end":{"line":105,"column":27}},"loc":{"start":{"line":105,"column":43},"end":{"line":107,"column":5}}},"12":{"name":"(anonymous_12)","decl":{"start":{"line":110,"column":2},"end":{"line":110,"column":17}},"loc":{"start":{"line":110,"column":28},"end":{"line":112,"column":3}}},"13":{"name":"(anonymous_13)","decl":{"start":{"line":114,"column":2},"end":{"line":114,"column":18}},"loc":{"start":{"line":114,"column":18},"end":{"line":118,"column":3}}},"14":{"name":"(anonymous_14)","decl":{"start":{"line":116,"column":6},"end":{"line":116,"column":7}},"loc":{"start":{"line":116,"column":16},"end":{"line":116,"column":41}}},"15":{"name":"(anonymous_15)","decl":{"start":{"line":120,"column":2},"end":{"line":120,"column":7}},"loc":{"start":{"line":120,"column":7},"end":{"line":123,"column":3}}}},"branchMap":{"0":{"loc":{"start":{"line":47,"column":4},"end":{"line":51,"column":5}},"type":"if","locations":[{"start":{"line":47,"column":4},"end":{"line":51,"column":5}}]},"1":{"loc":{"start":{"line":56,"column":39},"end":{"line":56,"column":74}},"type":"default-arg","locations":[{"start":{"line":56,"column":72},"end":{"line":56,"column":74}}]},"2":{"loc":{"start":{"line":65,"column":42},"end":{"line":65,"column":77}},"type":"default-arg","locations":[{"start":{"line":65,"column":75},"end":{"line":65,"column":77}}]},"3":{"loc":{"start":{"line":74,"column":42},"end":{"line":74,"column":77}},"type":"default-arg","locations":[{"start":{"line":74,"column":75},"end":{"line":74,"column":77}}]},"4":{"loc":{"start":{"line":83,"column":40},"end":{"line":83,"column":75}},"type":"default-arg","locations":[{"start":{"line":83,"column":73},"end":{"line":83,"column":75}}]},"5":{"loc":{"start":{"line":94,"column":4},"end":{"line":98,"column":5}},"type":"if","locations":[{"start":{"line":94,"column":4},"end":{"line":98,"column":5}}]}},"s":{"0":0,"1":0,"2":0,"3":0,"4":0,"5":0,"6":0,"7":0,"8":0,"9":0,"10":0,"11":0,"12":0,"13":0,"14":0,"15":0,"16":0,"17":0,"18":0,"19":0,"20":0,"21":0,"22":0,"23":0,"24":0,"25":0,"26":0,"27":0,"28":0,"29":0,"30":0,"31":0,"32":0,"33":0,"34":0,"35":0,"36":0},"f":{"0":0,"1":0,"2":0,"3":0,"4":0,"5":0,"6":0,"7":0,"8":0,"9":0,"10":0,"11":0,"12":0,"13":0,"14":0,"15":0},"b":{"0":[0],"1":[0],"2":[0],"3":[0],"4":[0],"5":[0]}}
,"/workspace/CyberSpace/src/styles/theme.ts": {"path":"/workspace/CyberSpace/src/styles/theme.ts","statementMap":{"0":{"start":{"line":3,"column":13},"end":{"line":102,"column":2}}},"fnMap":{},"branchMap":{},"s":{"0":0},"f":{},"b":{}}
,"/workspace/CyberSpace/src/utils/EventEmitter.ts": {"path":"/workspace/CyberSpace/src/utils/EventEmitter.ts","statementMap":{"0":{"start":{"line":11,"column":10},"end":{"line":11,"column":null}},"1":{"start":{"line":17,"column":4},"end":{"line":19,"column":5}},"2":{"start":{"line":18,"column":6},"end":{"line":18,"column":30}},"3":{"start":{"line":20,"column":4},"end":{"line":20,"column":37}},"4":{"start":{"line":27,"column":24},"end":{"line":30,"column":5}},"5":{"start":{"line":28,"column":6},"end":{"line":28,"column":35}},"6":{"start":{"line":29,"column":6},"end":{"line":29,"column":32}},"7":{"start":{"line":31,"column":4},"end":{"line":31,"column":32}},"8":{"start":{"line":38,"column":4},"end":{"line":40,"column":5}},"9":{"start":{"line":39,"column":6},"end":{"line":39,"column":13}},"10":{"start":{"line":41,"column":4},"end":{"line":41,"column":73}},"11":{"start":{"line":41,"column":58},"end":{"line":41,"column":71}},"12":{"start":{"line":42,"column":4},"end":{"line":44,"column":5}},"13":{"start":{"line":43,"column":6},"end":{"line":43,"column":32}},"14":{"start":{"line":51,"column":4},"end":{"line":55,"column":5}},"15":{"start":{"line":52,"column":6},"end":{"line":52,"column":32}},"16":{"start":{"line":54,"column":6},"end":{"line":54,"column":23}},"17":{"start":{"line":62,"column":4},"end":{"line":64,"column":5}},"18":{"start":{"line":63,"column":6},"end":{"line":63,"column":13}},"19":{"start":{"line":65,"column":4},"end":{"line":71,"column":7}},"20":{"start":{"line":66,"column":6},"end":{"line":70,"column":7}},"21":{"start":{"line":67,"column":8},"end":{"line":67,"column":34}},"22":{"start":{"line":69,"column":8},"end":{"line":69,"column":69}},"23":{"start":{"line":78,"column":4},"end":{"line":78,"column":43}},"24":{"start":{"line":85,"column":4},"end":{"line":85,"column":36}},"25":{"start":{"line":92,"column":4},"end":{"line":92,"column":36}},"26":{"start":{"line":10,"column":0},"end":{"line":10,"column":13}}},"fnMap":{"0":{"name":"(anonymous_0)","decl":{"start":{"line":10,"column":0},"end":{"line":10,"column":13}},"loc":{"start":{"line":10,"column":0},"end":{"line":94,"column":1}}},"1":{"name":"(anonymous_1)","decl":{"start":{"line":16,"column":9},"end":{"line":16,"column":11}},"loc":{"start":{"line":16,"column":48},"end":{"line":21,"column":3}}},"2":{"name":"(anonymous_2)","decl":{"start":{"line":26,"column":9},"end":{"line":26,"column":13}},"loc":{"start":{"line":26,"column":50},"end":{"line":32,"column":3}}},"3":{"name":"(anonymous_3)","decl":{"start":{"line":27,"column":24},"end":{"line":27,"column":25}},"loc":{"start":{"line":27,"column":43},"end":{"line":30,"column":5}}},"4":{"name":"(anonymous_4)","decl":{"start":{"line":37,"column":9},"end":{"line":37,"column":12}},"loc":{"start":{"line":37,"column":49},"end":{"line":45,"column":3}}},"5":{"name":"(anonymous_5)","decl":{"start":{"line":41,"column":51},"end":{"line":41,"column":52}},"loc":{"start":{"line":41,"column":58},"end":{"line":41,"column":71}}},"6":{"name":"(anonymous_6)","decl":{"start":{"line":50,"column":9},"end":{"line":50,"column":27}},"loc":{"start":{"line":50,"column":42},"end":{"line":56,"column":3}}},"7":{"name":"(anonymous_7)","decl":{"start":{"line":61,"column":9},"end":{"line":61,"column":13}},"loc":{"start":{"line":61,"column":43},"end":{"line":72,"column":3}}},"8":{"name":"(anonymous_8)","decl":{"start":{"line":65,"column":31},"end":{"line":65,"column":32}},"loc":{"start":{"line":65,"column":43},"end":{"line":71,"column":5}}},"9":{"name":"(anonymous_9)","decl":{"start":{"line":77,"column":9},"end":{"line":77,"column":22}},"loc":{"start":{"line":77,"column":36},"end":{"line":79,"column":3}}},"10":{"name":"(anonymous_10)","decl":{"start":{"line":84,"column":9},"end":{"line":84,"column":19}},"loc":{"start":{"line":84,"column":19},"end":{"line":86,"column":3}}},"11":{"name":"(anonymous_11)","decl":{"start":{"line":91,"column":9},"end":{"line":91,"column":18}},"loc":{"start":{"line":91,"column":32},"end":{"line":93,"column":3}}}},"branchMap":{"0":{"loc":{"start":{"line":17,"column":4},"end":{"line":19,"column":5}},"type":"if","locations":[{"start":{"line":17,"column":4},"end":{"line":19,"column":5}}]},"1":{"loc":{"start":{"line":38,"column":4},"end":{"line":40,"column":5}},"type":"if","locations":[{"start":{"line":38,"column":4},"end":{"line":40,"column":5}}]},"2":{"loc":{"start":{"line":42,"column":4},"end":{"line":44,"column":5}},"type":"if","locations":[{"start":{"line":42,"column":4},"end":{"line":44,"column":5}}]},"3":{"loc":{"start":{"line":51,"column":4},"end":{"line":55,"column":5}},"type":"if","locations":[{"start":{"line":51,"column":4},"end":{"line":55,"column":5}},{"start":{"line":53,"column":11},"end":{"line":55,"column":5}}]},"4":{"loc":{"start":{"line":62,"column":4},"end":{"line":64,"column":5}},"type":"if","locations":[{"start":{"line":62,"column":4},"end":{"line":64,"column":5}}]},"5":{"loc":{"start":{"line":78,"column":11},"end":{"line":78,"column":42}},"type":"binary-expr","locations":[{"start":{"line":78,"column":11},"end":{"line":78,"column":37}},{"start":{"line":78,"column":41},"end":{"line":78,"column":42}}]},"6":{"loc":{"start":{"line":92,"column":11},"end":{"line":92,"column":35}},"type":"binary-expr","locations":[{"start":{"line":92,"column":11},"end":{"line":92,"column":29}},{"start":{"line":92,"column":33},"end":{"line":92,"column":35}}]}},"s":{"0":8,"1":13,"2":11,"3":13,"4":1,"5":1,"6":1,"7":1,"8":2,"9":0,"10":2,"11":2,"12":2,"13":2,"14":2,"15":1,"16":1,"17":8,"18":5,"19":3,"20":3,"21":3,"22":0,"23":1,"24":1,"25":1,"26":1},"f":{"0":8,"1":13,"2":1,"3":1,"4":2,"5":2,"6":2,"7":8,"8":3,"9":1,"10":1,"11":1},"b":{"0":[11],"1":[0],"2":[2],"3":[1,1],"4":[5],"5":[1,0],"6":[1,0]}}
,"/workspace/CyberSpace/src/workers/bundleLoader.worker.ts": {"path":"/workspace/CyberSpace/src/workers/bundleLoader.worker.ts","statementMap":{"0":{"start":{"line":27,"column":0},"end":{"line":35,"column":2}},"1":{"start":{"line":28,"column":25},"end":{"line":28,"column":35}},"2":{"start":{"line":30,"column":2},"end":{"line":34,"column":3}},"3":{"start":{"line":32,"column":6},"end":{"line":32,"column":36}},"4":{"start":{"line":33,"column":6},"end":{"line":33,"column":12}},"5":{"start":{"line":38,"column":28},"end":{"line":38,"column":34}},"6":{"start":{"line":41,"column":26},"end":{"line":41,"column":80}},"7":{"start":{"line":41,"column":56},"end":{"line":41,"column":79}},"8":{"start":{"line":43,"column":19},"end":{"line":43,"column":20}},"9":{"start":{"line":44,"column":20},"end":{"line":44,"column":65}},"10":{"start":{"line":44,"column":49},"end":{"line":44,"column":61}},"11":{"start":{"line":47,"column":2},"end":{"line":93,"column":3}},"12":{"start":{"line":48,"column":4},"end":{"line":92,"column":5}},"13":{"start":{"line":50,"column":6},"end":{"line":59,"column":9}},"14":{"start":{"line":62,"column":6},"end":{"line":62,"column":35}},"15":{"start":{"line":65,"column":6},"end":{"line":65,"column":34}},"16":{"start":{"line":66,"column":6},"end":{"line":75,"column":9}},"17":{"start":{"line":77,"column":6},"end":{"line":91,"column":7}},"18":{"start":{"line":79,"column":8},"end":{"line":85,"column":11}},"19":{"start":{"line":86,"column":8},"end":{"line":86,"column":15}},"20":{"start":{"line":89,"column":8},"end":{"line":89,"column":81}},"21":{"start":{"line":90,"column":8},"end":{"line":90,"column":17}},"22":{"start":{"line":96,"column":2},"end":{"line":101,"column":5}},"23":{"start":{"line":105,"column":19},"end":{"line":105,"column":44}},"24":{"start":{"line":106,"column":2},"end":{"line":108,"column":3}},"25":{"start":{"line":107,"column":4},"end":{"line":107,"column":62}},"26":{"start":{"line":109,"column":2},"end":{"line":109,"column":32}}},"fnMap":{"0":{"name":"(anonymous_0)","decl":{"start":{"line":27,"column":17},"end":{"line":27,"column":22}},"loc":{"start":{"line":27,"column":62},"end":{"line":35,"column":1}}},"1":{"name":"loadBundle","decl":{"start":{"line":37,"column":15},"end":{"line":37,"column":25}},"loc":{"start":{"line":37,"column":48},"end":{"line":102,"column":1}}},"2":{"name":"(anonymous_2)","decl":{"start":{"line":41,"column":46},"end":{"line":41,"column":47}},"loc":{"start":{"line":41,"column":56},"end":{"line":41,"column":79}}},"3":{"name":"(anonymous_3)","decl":{"start":{"line":44,"column":37},"end":{"line":44,"column":38}},"loc":{"start":{"line":44,"column":49},"end":{"line":44,"column":61}}},"4":{"name":"loadResource","decl":{"start":{"line":104,"column":15},"end":{"line":104,"column":27}},"loc":{"start":{"line":104,"column":68},"end":{"line":110,"column":1}}}},"branchMap":{"0":{"loc":{"start":{"line":30,"column":2},"end":{"line":34,"column":3}},"type":"switch","locations":[{"start":{"line":31,"column":4},"end":{"line":33,"column":12}}]},"1":{"loc":{"start":{"line":77,"column":6},"end":{"line":91,"column":7}},"type":"if","locations":[{"start":{"line":77,"column":6},"end":{"line":91,"column":7}},{"start":{"line":87,"column":13},"end":{"line":91,"column":7}}]},"2":{"loc":{"start":{"line":106,"column":2},"end":{"line":108,"column":3}},"type":"if","locations":[{"start":{"line":106,"column":2},"end":{"line":108,"column":3}}]}},"s":{"0":0,"1":0,"2":0,"3":0,"4":0,"5":0,"6":0,"7":0,"8":0,"9":0,"10":0,"11":0,"12":0,"13":0,"14":0,"15":0,"16":0,"17":0,"18":0,"19":0,"20":0,"21":0,"22":0,"23":0,"24":0,"25":0,"26":0},"f":{"0":0,"1":0,"2":0,"3":0,"4":0},"b":{"0":[0],"1":[0,0],"2":[0]}}
}
